<?xml version="1.0" encoding="UTF-8"?>
<coverage generated="1741161300140" clover="3.2.0">
  <project timestamp="1741161300141" name="All files">
    <metrics statements="239" coveredstatements="227" conditionals="127" coveredconditionals="100" methods="52" coveredmethods="50" elements="418" coveredelements="377" complexity="0" loc="239" ncloc="239" packages="3" files="7" classes="7"/>
    <package name="config">
      <metrics statements="5" coveredstatements="5" conditionals="0" coveredconditionals="0" methods="0" coveredmethods="0"/>
      <file name="Cloudinary.js" path="C:\Users\Raka Mahendra\Desktop\Bootcamp Hacktiv8\P3\Final Project\minabung\servers\config\Cloudinary.js">
        <metrics statements="2" coveredstatements="2" conditionals="0" coveredconditionals="0" methods="0" coveredmethods="0"/>
        <line num="4" count="1" type="stmt"/>
        <line num="6" count="1" type="stmt"/>
      </file>
      <file name="Mongodb.js" path="C:\Users\Raka Mahendra\Desktop\Bootcamp Hacktiv8\P3\Final Project\minabung\servers\config\Mongodb.js">
        <metrics statements="3" coveredstatements="3" conditionals="0" coveredconditionals="0" methods="0" coveredmethods="0"/>
        <line num="4" count="2" type="stmt"/>
        <line num="5" count="2" type="stmt"/>
        <line num="7" count="2" type="stmt"/>
      </file>
    </package>
    <package name="helpers">
      <metrics statements="9" coveredstatements="9" conditionals="0" coveredconditionals="0" methods="4" coveredmethods="4"/>
      <file name="bcrypt.js" path="C:\Users\Raka Mahendra\Desktop\Bootcamp Hacktiv8\P3\Final Project\minabung\servers\helpers\bcrypt.js">
        <metrics statements="4" coveredstatements="4" conditionals="0" coveredconditionals="0" methods="2" coveredmethods="2"/>
        <line num="4" count="2" type="stmt"/>
        <line num="5" count="2" type="stmt"/>
        <line num="6" count="2" type="stmt"/>
        <line num="10" count="2" type="stmt"/>
      </file>
      <file name="jwt.js" path="C:\Users\Raka Mahendra\Desktop\Bootcamp Hacktiv8\P3\Final Project\minabung\servers\helpers\jwt.js">
        <metrics statements="3" coveredstatements="3" conditionals="0" coveredconditionals="0" methods="2" coveredmethods="2"/>
        <line num="4" count="2" type="stmt"/>
        <line num="7" count="2" type="stmt"/>
        <line num="11" count="2" type="stmt"/>
      </file>
      <file name="openAI.js" path="C:\Users\Raka Mahendra\Desktop\Bootcamp Hacktiv8\P3\Final Project\minabung\servers\helpers\openAI.js">
        <metrics statements="2" coveredstatements="2" conditionals="0" coveredconditionals="0" methods="0" coveredmethods="0"/>
        <line num="4" count="1" type="stmt"/>
        <line num="6" count="1" type="stmt"/>
      </file>
    </package>
    <package name="models">
      <metrics statements="225" coveredstatements="213" conditionals="127" coveredconditionals="100" methods="48" coveredmethods="46"/>
      <file name="GroupModel.js" path="C:\Users\Raka Mahendra\Desktop\Bootcamp Hacktiv8\P3\Final Project\minabung\servers\models\GroupModel.js">
        <metrics statements="172" coveredstatements="166" conditionals="100" coveredconditionals="79" methods="39" coveredmethods="38"/>
        <line num="8" count="0" type="stmt"/>
        <line num="12" count="17" type="stmt"/>
        <line num="15" count="19" type="stmt"/>
        <line num="20" count="60" type="stmt"/>
        <line num="26" count="61" type="stmt"/>
        <line num="27" count="61" type="stmt"/>
        <line num="42" count="61" type="stmt"/>
        <line num="43" count="61" type="cond" truecount="2" falsecount="0"/>
        <line num="44" count="2" type="stmt"/>
        <line num="46" count="59" type="stmt"/>
        <line num="47" count="59" type="stmt"/>
        <line num="50" count="15" type="stmt"/>
        <line num="51" count="15" type="cond" truecount="2" falsecount="0"/>
        <line num="52" count="2" type="stmt"/>
        <line num="54" count="13" type="cond" truecount="2" falsecount="0"/>
        <line num="56" count="15" type="stmt"/>
        <line num="59" count="2" type="stmt"/>
        <line num="61" count="11" type="stmt"/>
        <line num="73" count="11" type="stmt"/>
        <line num="74" count="11" type="stmt"/>
        <line num="77" count="19" type="stmt"/>
        <line num="78" count="19" type="cond" truecount="2" falsecount="0"/>
        <line num="79" count="2" type="stmt"/>
        <line num="81" count="17" type="stmt"/>
        <line num="82" count="20" type="stmt"/>
        <line num="84" count="17" type="cond" truecount="2" falsecount="0"/>
        <line num="85" count="13" type="stmt"/>
        <line num="88" count="4" type="cond" truecount="4" falsecount="0"/>
        <line num="89" count="3" type="stmt"/>
        <line num="91" count="1" type="stmt"/>
        <line num="95" count="1" type="stmt"/>
        <line num="96" count="1" type="stmt"/>
        <line num="100" count="8" type="stmt"/>
        <line num="101" count="8" type="cond" truecount="2" falsecount="0"/>
        <line num="102" count="2" type="stmt"/>
        <line num="104" count="6" type="stmt"/>
        <line num="105" count="8" type="stmt"/>
        <line num="107" count="6" type="cond" truecount="2" falsecount="0"/>
        <line num="108" count="3" type="stmt"/>
        <line num="110" count="3" type="cond" truecount="2" falsecount="0"/>
        <line num="111" count="2" type="stmt"/>
        <line num="113" count="1" type="stmt"/>
        <line num="116" count="1" type="stmt"/>
        <line num="120" count="11" type="stmt"/>
        <line num="123" count="11" type="cond" truecount="2" falsecount="0"/>
        <line num="124" count="2" type="stmt"/>
        <line num="126" count="9" type="stmt"/>
        <line num="127" count="9" type="stmt"/>
        <line num="129" count="9" type="cond" truecount="2" falsecount="0"/>
        <line num="130" count="2" type="stmt"/>
        <line num="132" count="7" type="stmt"/>
        <line num="139" count="7" type="stmt"/>
        <line num="143" count="7" type="stmt"/>
        <line num="147" count="6" type="stmt"/>
        <line num="150" count="6" type="cond" truecount="2" falsecount="0"/>
        <line num="151" count="2" type="stmt"/>
        <line num="153" count="4" type="stmt"/>
        <line num="154" count="4" type="stmt"/>
        <line num="156" count="4" type="cond" truecount="2" falsecount="0"/>
        <line num="157" count="1" type="stmt"/>
        <line num="159" count="3" type="stmt"/>
        <line num="160" count="3" type="cond" truecount="2" falsecount="0"/>
        <line num="161" count="2" type="stmt"/>
        <line num="163" count="1" type="stmt"/>
        <line num="176" count="1" type="stmt"/>
        <line num="179" count="1" type="stmt"/>
        <line num="180" count="1" type="stmt"/>
        <line num="183" count="1" type="stmt"/>
        <line num="187" count="9" type="stmt"/>
        <line num="190" count="9" type="cond" truecount="2" falsecount="0"/>
        <line num="191" count="1" type="stmt"/>
        <line num="193" count="8" type="stmt"/>
        <line num="194" count="8" type="stmt"/>
        <line num="196" count="8" type="cond" truecount="2" falsecount="0"/>
        <line num="197" count="1" type="stmt"/>
        <line num="199" count="7" type="stmt"/>
        <line num="200" count="7" type="cond" truecount="2" falsecount="0"/>
        <line num="201" count="4" type="stmt"/>
        <line num="203" count="3" type="stmt"/>
        <line num="207" count="3" type="stmt"/>
        <line num="210" count="8" type="stmt"/>
        <line num="214" count="8" type="cond" truecount="2" falsecount="0"/>
        <line num="215" count="1" type="stmt"/>
        <line num="218" count="7" type="stmt"/>
        <line num="219" count="7" type="stmt"/>
        <line num="221" count="7" type="cond" truecount="2" falsecount="0"/>
        <line num="222" count="1" type="stmt"/>
        <line num="225" count="6" type="stmt"/>
        <line num="233" count="6" type="stmt"/>
        <line num="237" count="6" type="stmt"/>
        <line num="240" count="3" type="stmt"/>
        <line num="244" count="3" type="cond" truecount="2" falsecount="0"/>
        <line num="245" count="1" type="stmt"/>
        <line num="247" count="2" type="stmt"/>
        <line num="248" count="2" type="stmt"/>
        <line num="250" count="2" type="cond" truecount="2" falsecount="0"/>
        <line num="251" count="1" type="stmt"/>
        <line num="254" count="1" type="stmt"/>
        <line num="255" count="1" type="cond" truecount="1" falsecount="1"/>
        <line num="256" count="1" type="cond" truecount="1" falsecount="1"/>
        <line num="257" count="1" type="cond" truecount="1" falsecount="1"/>
        <line num="258" count="1" type="cond" truecount="1" falsecount="1"/>
        <line num="260" count="1" type="stmt"/>
        <line num="264" count="1" type="stmt"/>
        <line num="269" count="1" type="stmt"/>
        <line num="272" count="5" type="stmt"/>
        <line num="276" count="5" type="cond" truecount="2" falsecount="0"/>
        <line num="277" count="2" type="stmt"/>
        <line num="280" count="3" type="stmt"/>
        <line num="281" count="3" type="stmt"/>
        <line num="283" count="3" type="cond" truecount="2" falsecount="0"/>
        <line num="284" count="2" type="stmt"/>
        <line num="287" count="1" type="stmt"/>
        <line num="288" count="1" type="stmt"/>
        <line num="291" count="1" type="stmt"/>
        <line num="295" count="1" type="stmt"/>
        <line num="299" count="4" type="stmt"/>
        <line num="303" count="4" type="cond" truecount="1" falsecount="1"/>
        <line num="304" count="0" type="stmt"/>
        <line num="306" count="4" type="stmt"/>
        <line num="307" count="4" type="stmt"/>
        <line num="309" count="4" type="cond" truecount="1" falsecount="1"/>
        <line num="310" count="0" type="stmt"/>
        <line num="313" count="4" type="stmt"/>
        <line num="322" count="4" type="stmt"/>
        <line num="326" count="4" type="stmt"/>
        <line num="330" count="3" type="stmt"/>
        <line num="334" count="3" type="cond" truecount="2" falsecount="0"/>
        <line num="335" count="1" type="stmt"/>
        <line num="337" count="2" type="stmt"/>
        <line num="338" count="2" type="stmt"/>
        <line num="340" count="2" type="cond" truecount="2" falsecount="0"/>
        <line num="341" count="1" type="stmt"/>
        <line num="344" count="1" type="stmt"/>
        <line num="345" count="1" type="cond" truecount="1" falsecount="1"/>
        <line num="346" count="1" type="cond" truecount="1" falsecount="1"/>
        <line num="347" count="1" type="cond" truecount="1" falsecount="1"/>
        <line num="348" count="1" type="cond" truecount="1" falsecount="1"/>
        <line num="349" count="1" type="cond" truecount="1" falsecount="1"/>
        <line num="350" count="0" type="stmt"/>
        <line num="354" count="1" type="stmt"/>
        <line num="359" count="1" type="stmt"/>
        <line num="364" count="1" type="stmt"/>
        <line num="368" count="2" type="stmt"/>
        <line num="371" count="2" type="cond" truecount="2" falsecount="0"/>
        <line num="372" count="1" type="stmt"/>
        <line num="375" count="1" type="cond" truecount="1" falsecount="1"/>
        <line num="377" count="1" type="stmt"/>
        <line num="379" count="0" type="stmt"/>
        <line num="382" count="1" type="stmt"/>
        <line num="383" count="1" type="stmt"/>
        <line num="385" count="1" type="cond" truecount="1" falsecount="1"/>
        <line num="386" count="0" type="stmt"/>
        <line num="389" count="1" type="stmt"/>
        <line num="390" count="1" type="stmt"/>
        <line num="393" count="1" type="stmt"/>
        <line num="398" count="1" type="stmt"/>
        <line num="402" count="2" type="stmt"/>
        <line num="455" count="2" type="stmt"/>
        <line num="456" count="2" type="stmt"/>
        <line num="462" count="2" type="stmt"/>
        <line num="465" count="2" type="stmt"/>
        <line num="466" count="2" type="stmt"/>
        <line num="468" count="1" type="stmt"/>
        <line num="469" count="1" type="stmt"/>
        <line num="471" count="1" type="cond" truecount="1" falsecount="1"/>
        <line num="476" count="1" type="stmt"/>
        <line num="492" count="1" type="stmt"/>
        <line num="493" count="1" type="cond" truecount="1" falsecount="1"/>
        <line num="495" count="1" type="stmt"/>
        <line num="497" count="1" type="stmt"/>
        <line num="498" count="1" type="stmt"/>
      </file>
      <file name="UserModel.js" path="C:\Users\Raka Mahendra\Desktop\Bootcamp Hacktiv8\P3\Final Project\minabung\servers\models\UserModel.js">
        <metrics statements="53" coveredstatements="47" conditionals="27" coveredconditionals="21" methods="9" coveredmethods="8"/>
        <line num="9" count="0" type="stmt"/>
        <line num="13" count="1" type="stmt"/>
        <line num="26" count="3" type="cond" truecount="2" falsecount="0"/>
        <line num="27" count="1" type="stmt"/>
        <line num="29" count="2" type="stmt"/>
        <line num="33" count="2" type="cond" truecount="2" falsecount="0"/>
        <line num="34" count="1" type="stmt"/>
        <line num="37" count="1" type="stmt"/>
        <line num="49" count="1" type="stmt"/>
        <line num="50" count="1" type="stmt"/>
        <line num="52" count="1" type="stmt"/>
        <line num="56" count="3" type="stmt"/>
        <line num="57" count="3" type="cond" truecount="2" falsecount="0"/>
        <line num="58" count="1" type="stmt"/>
        <line num="61" count="2" type="stmt"/>
        <line num="62" count="2" type="cond" truecount="2" falsecount="0"/>
        <line num="63" count="1" type="stmt"/>
        <line num="66" count="1" type="stmt"/>
        <line num="72" count="1" type="stmt"/>
        <line num="75" count="2" type="stmt"/>
        <line num="76" count="2" type="stmt"/>
        <line num="78" count="2" type="cond" truecount="2" falsecount="0"/>
        <line num="79" count="1" type="stmt"/>
        <line num="81" count="1" type="stmt"/>
        <line num="88" count="1" type="stmt"/>
        <line num="94" count="1" type="cond" truecount="1" falsecount="1"/>
        <line num="95" count="0" type="stmt"/>
        <line num="98" count="1" type="stmt"/>
        <line num="100" count="1" type="stmt"/>
        <line num="103" count="2" type="stmt"/>
        <line num="104" count="2" type="stmt"/>
        <line num="106" count="2" type="cond" truecount="2" falsecount="0"/>
        <line num="107" count="1" type="stmt"/>
        <line num="110" count="1" type="stmt"/>
        <line num="112" count="1" type="stmt"/>
        <line num="113" count="1" type="stmt"/>
        <line num="115" count="1" type="stmt"/>
        <line num="116" count="1" type="stmt"/>
        <line num="117" count="1" type="stmt"/>
        <line num="120" count="1" type="cond" truecount="1" falsecount="1"/>
        <line num="121" count="0" type="stmt"/>
        <line num="122" count="0" type="stmt"/>
        <line num="124" count="1" type="stmt"/>
        <line num="125" count="1" type="stmt"/>
        <line num="129" count="1" type="stmt"/>
        <line num="132" count="1" type="stmt"/>
        <line num="134" count="1" type="stmt"/>
        <line num="140" count="1" type="stmt"/>
        <line num="145" count="0" type="stmt"/>
        <line num="146" count="0" type="stmt"/>
        <line num="151" count="60" type="stmt"/>
        <line num="153" count="60" type="stmt"/>
        <line num="158" count="60" type="stmt"/>
      </file>
    </package>
  </project>
</coverage>
