{"C:\\Users\\Raka Mahendra\\Desktop\\Bootcamp Hacktiv8\\P3\\Final Project\\minabung\\servers\\config\\Cloudinary.js": {"path":"C:\\Users\\Raka Mahendra\\Desktop\\Bootcamp Hacktiv8\\P3\\Final Project\\minabung\\servers\\config\\Cloudinary.js","statementMap":{"0":{"start":{"line":4,"column":0},"end":{"line":4,"column":16}},"1":{"start":{"line":6,"column":0},"end":{"line":10,"column":3}}},"fnMap":{},"branchMap":{},"s":{"0":1,"1":1},"f":{},"b":{},"inputSourceMap":null,"_coverageSchema":"1a1c01bbd47fc00a2c39e90264f33305004495a9","hash":"0e431ad77b7272c1dffa4270787ef6af7467254b"}
,"C:\\Users\\Raka Mahendra\\Desktop\\Bootcamp Hacktiv8\\P3\\Final Project\\minabung\\servers\\config\\Mongodb.js": {"path":"C:\\Users\\Raka Mahendra\\Desktop\\Bootcamp Hacktiv8\\P3\\Final Project\\minabung\\servers\\config\\Mongodb.js","statementMap":{"0":{"start":{"line":4,"column":12},"end":{"line":4,"column":35}},"1":{"start":{"line":5,"column":15},"end":{"line":5,"column":35}},"2":{"start":{"line":7,"column":24},"end":{"line":7,"column":45}}},"fnMap":{},"branchMap":{},"s":{"0":2,"1":2,"2":2},"f":{},"b":{},"inputSourceMap":null,"_coverageSchema":"1a1c01bbd47fc00a2c39e90264f33305004495a9","hash":"78d65e9dcc381f95695806492ff42185cea2b50d"}
,"C:\\Users\\Raka Mahendra\\Desktop\\Bootcamp Hacktiv8\\P3\\Final Project\\minabung\\servers\\helpers\\bcrypt.js": {"path":"C:\\Users\\Raka Mahendra\\Desktop\\Bootcamp Hacktiv8\\P3\\Final Project\\minabung\\servers\\helpers\\bcrypt.js","statementMap":{"0":{"start":{"line":4,"column":15},"end":{"line":4,"column":37}},"1":{"start":{"line":5,"column":15},"end":{"line":5,"column":46}},"2":{"start":{"line":6,"column":2},"end":{"line":6,"column":14}},"3":{"start":{"line":10,"column":2},"end":{"line":10,"column":52}}},"fnMap":{"0":{"name":"hashPassword","decl":{"start":{"line":3,"column":9},"end":{"line":3,"column":21}},"loc":{"start":{"line":3,"column":32},"end":{"line":7,"column":1}},"line":3},"1":{"name":"comparePassword","decl":{"start":{"line":9,"column":9},"end":{"line":9,"column":24}},"loc":{"start":{"line":9,"column":49},"end":{"line":11,"column":1}},"line":9}},"branchMap":{},"s":{"0":2,"1":2,"2":2,"3":2},"f":{"0":2,"1":2},"b":{},"inputSourceMap":null,"_coverageSchema":"1a1c01bbd47fc00a2c39e90264f33305004495a9","hash":"c24bbf1a63b45eae5127420eb8614f66e807e3b9"}
,"C:\\Users\\Raka Mahendra\\Desktop\\Bootcamp Hacktiv8\\P3\\Final Project\\minabung\\servers\\helpers\\jwt.js": {"path":"C:\\Users\\Raka Mahendra\\Desktop\\Bootcamp Hacktiv8\\P3\\Final Project\\minabung\\servers\\helpers\\jwt.js","statementMap":{"0":{"start":{"line":4,"column":18},"end":{"line":4,"column":37}},"1":{"start":{"line":7,"column":2},"end":{"line":7,"column":38}},"2":{"start":{"line":11,"column":2},"end":{"line":11,"column":38}}},"fnMap":{"0":{"name":"signToken","decl":{"start":{"line":6,"column":9},"end":{"line":6,"column":18}},"loc":{"start":{"line":6,"column":28},"end":{"line":8,"column":1}},"line":6},"1":{"name":"verifyToken","decl":{"start":{"line":10,"column":9},"end":{"line":10,"column":20}},"loc":{"start":{"line":10,"column":28},"end":{"line":12,"column":1}},"line":10}},"branchMap":{},"s":{"0":2,"1":2,"2":2},"f":{"0":2,"1":2},"b":{},"inputSourceMap":null,"_coverageSchema":"1a1c01bbd47fc00a2c39e90264f33305004495a9","hash":"288c6b114330ffa7aaa1dfac2dcb71bd86dd65e9"}
,"C:\\Users\\Raka Mahendra\\Desktop\\Bootcamp Hacktiv8\\P3\\Final Project\\minabung\\servers\\helpers\\openAI.js": {"path":"C:\\Users\\Raka Mahendra\\Desktop\\Bootcamp Hacktiv8\\P3\\Final Project\\minabung\\servers\\helpers\\openAI.js","statementMap":{"0":{"start":{"line":4,"column":0},"end":{"line":4,"column":16}},"1":{"start":{"line":6,"column":15},"end":{"line":8,"column":2}}},"fnMap":{},"branchMap":{},"s":{"0":1,"1":1},"f":{},"b":{},"inputSourceMap":null,"_coverageSchema":"1a1c01bbd47fc00a2c39e90264f33305004495a9","hash":"95b4f0296b8c2a426b49a35d5d2e8b4fd7c12752"}
,"C:\\Users\\Raka Mahendra\\Desktop\\Bootcamp Hacktiv8\\P3\\Final Project\\minabung\\servers\\models\\GroupModel.js": {"path":"C:\\Users\\Raka Mahendra\\Desktop\\Bootcamp Hacktiv8\\P3\\Final Project\\minabung\\servers\\models\\GroupModel.js","statementMap":{"0":{"start":{"line":8,"column":4},"end":{"line":8,"column":41}},"1":{"start":{"line":12,"column":4},"end":{"line":12,"column":55}},"2":{"start":{"line":15,"column":4},"end":{"line":17,"column":7}},"3":{"start":{"line":20,"column":4},"end":{"line":22,"column":7}},"4":{"start":{"line":26,"column":19},"end":{"line":26,"column":54}},"5":{"start":{"line":27,"column":21},"end":{"line":41,"column":5}},"6":{"start":{"line":42,"column":19},"end":{"line":42,"column":62}},"7":{"start":{"line":43,"column":4},"end":{"line":45,"column":5}},"8":{"start":{"line":44,"column":6},"end":{"line":44,"column":48}},"9":{"start":{"line":46,"column":4},"end":{"line":46,"column":64}},"10":{"start":{"line":47,"column":4},"end":{"line":47,"column":51}},"11":{"start":{"line":50,"column":18},"end":{"line":50,"column":54}},"12":{"start":{"line":51,"column":4},"end":{"line":53,"column":5}},"13":{"start":{"line":52,"column":6},"end":{"line":52,"column":41}},"14":{"start":{"line":54,"column":4},"end":{"line":60,"column":5}},"15":{"start":{"line":56,"column":20},"end":{"line":56,"column":64}},"16":{"start":{"line":59,"column":6},"end":{"line":59,"column":64}},"17":{"start":{"line":61,"column":19},"end":{"line":72,"column":5}},"18":{"start":{"line":73,"column":25},"end":{"line":73,"column":71}},"19":{"start":{"line":74,"column":4},"end":{"line":74,"column":24}},"20":{"start":{"line":77,"column":18},"end":{"line":77,"column":75}},"21":{"start":{"line":78,"column":4},"end":{"line":80,"column":5}},"22":{"start":{"line":79,"column":6},"end":{"line":79,"column":41}},"23":{"start":{"line":81,"column":17},"end":{"line":83,"column":5}},"24":{"start":{"line":82,"column":18},"end":{"line":82,"column":62}},"25":{"start":{"line":84,"column":4},"end":{"line":86,"column":5}},"26":{"start":{"line":85,"column":6},"end":{"line":85,"column":60}},"27":{"start":{"line":88,"column":4},"end":{"line":90,"column":5}},"28":{"start":{"line":89,"column":6},"end":{"line":89,"column":61}},"29":{"start":{"line":91,"column":19},"end":{"line":94,"column":5}},"30":{"start":{"line":95,"column":21},"end":{"line":95,"column":78}},"31":{"start":{"line":96,"column":4},"end":{"line":96,"column":20}},"32":{"start":{"line":100,"column":18},"end":{"line":100,"column":75}},"33":{"start":{"line":101,"column":4},"end":{"line":103,"column":5}},"34":{"start":{"line":102,"column":6},"end":{"line":102,"column":41}},"35":{"start":{"line":104,"column":17},"end":{"line":106,"column":5}},"36":{"start":{"line":105,"column":18},"end":{"line":105,"column":62}},"37":{"start":{"line":107,"column":4},"end":{"line":109,"column":5}},"38":{"start":{"line":108,"column":6},"end":{"line":108,"column":60}},"39":{"start":{"line":110,"column":4},"end":{"line":112,"column":5}},"40":{"start":{"line":111,"column":6},"end":{"line":111,"column":58}},"41":{"start":{"line":113,"column":19},"end":{"line":115,"column":6}},"42":{"start":{"line":116,"column":4},"end":{"line":116,"column":31}},"43":{"start":{"line":120,"column":18},"end":{"line":122,"column":5}},"44":{"start":{"line":123,"column":4},"end":{"line":125,"column":5}},"45":{"start":{"line":124,"column":6},"end":{"line":124,"column":41}},"46":{"start":{"line":126,"column":17},"end":{"line":128,"column":5}},"47":{"start":{"line":127,"column":18},"end":{"line":127,"column":62}},"48":{"start":{"line":129,"column":4},"end":{"line":131,"column":5}},"49":{"start":{"line":130,"column":6},"end":{"line":130,"column":60}},"50":{"start":{"line":132,"column":19},"end":{"line":138,"column":5}},"51":{"start":{"line":139,"column":19},"end":{"line":142,"column":5}},"52":{"start":{"line":143,"column":4},"end":{"line":145,"column":5}},"53":{"start":{"line":144,"column":6},"end":{"line":144,"column":46}},"54":{"start":{"line":146,"column":4},"end":{"line":146,"column":18}},"55":{"start":{"line":150,"column":18},"end":{"line":152,"column":5}},"56":{"start":{"line":153,"column":4},"end":{"line":155,"column":5}},"57":{"start":{"line":154,"column":6},"end":{"line":154,"column":41}},"58":{"start":{"line":156,"column":17},"end":{"line":158,"column":5}},"59":{"start":{"line":157,"column":18},"end":{"line":157,"column":62}},"60":{"start":{"line":159,"column":4},"end":{"line":161,"column":5}},"61":{"start":{"line":160,"column":6},"end":{"line":160,"column":60}},"62":{"start":{"line":162,"column":19},"end":{"line":162,"column":79}},"63":{"start":{"line":162,"column":50},"end":{"line":162,"column":78}},"64":{"start":{"line":163,"column":4},"end":{"line":165,"column":5}},"65":{"start":{"line":164,"column":6},"end":{"line":164,"column":42}},"66":{"start":{"line":166,"column":19},"end":{"line":178,"column":5}},"67":{"start":{"line":179,"column":4},"end":{"line":181,"column":5}},"68":{"start":{"line":180,"column":6},"end":{"line":180,"column":49}},"69":{"start":{"line":182,"column":25},"end":{"line":184,"column":5}},"70":{"start":{"line":185,"column":31},"end":{"line":187,"column":5}},"71":{"start":{"line":186,"column":18},"end":{"line":186,"column":46}},"72":{"start":{"line":189,"column":4},"end":{"line":189,"column":30}},"73":{"start":{"line":193,"column":18},"end":{"line":195,"column":5}},"74":{"start":{"line":196,"column":4},"end":{"line":198,"column":5}},"75":{"start":{"line":197,"column":6},"end":{"line":197,"column":41}},"76":{"start":{"line":199,"column":17},"end":{"line":201,"column":5}},"77":{"start":{"line":200,"column":18},"end":{"line":200,"column":62}},"78":{"start":{"line":202,"column":4},"end":{"line":204,"column":5}},"79":{"start":{"line":203,"column":6},"end":{"line":203,"column":60}},"80":{"start":{"line":205,"column":19},"end":{"line":205,"column":79}},"81":{"start":{"line":205,"column":50},"end":{"line":205,"column":78}},"82":{"start":{"line":206,"column":4},"end":{"line":208,"column":5}},"83":{"start":{"line":207,"column":6},"end":{"line":207,"column":42}},"84":{"start":{"line":209,"column":19},"end":{"line":212,"column":5}},"85":{"start":{"line":213,"column":4},"end":{"line":215,"column":5}},"86":{"start":{"line":214,"column":6},"end":{"line":214,"column":49}},"87":{"start":{"line":216,"column":4},"end":{"line":216,"column":31}},"88":{"start":{"line":219,"column":18},"end":{"line":221,"column":6}},"89":{"start":{"line":223,"column":4},"end":{"line":225,"column":5}},"90":{"start":{"line":224,"column":6},"end":{"line":224,"column":41}},"91":{"start":{"line":227,"column":19},"end":{"line":229,"column":5}},"92":{"start":{"line":228,"column":18},"end":{"line":228,"column":62}},"93":{"start":{"line":230,"column":4},"end":{"line":232,"column":5}},"94":{"start":{"line":231,"column":6},"end":{"line":231,"column":60}},"95":{"start":{"line":234,"column":22},"end":{"line":240,"column":5}},"96":{"start":{"line":242,"column":19},"end":{"line":245,"column":5}},"97":{"start":{"line":247,"column":4},"end":{"line":249,"column":5}},"98":{"start":{"line":248,"column":6},"end":{"line":248,"column":46}},"99":{"start":{"line":251,"column":4},"end":{"line":251,"column":21}},"100":{"start":{"line":254,"column":18},"end":{"line":256,"column":6}},"101":{"start":{"line":258,"column":4},"end":{"line":260,"column":5}},"102":{"start":{"line":259,"column":6},"end":{"line":259,"column":42}},"103":{"start":{"line":261,"column":19},"end":{"line":263,"column":5}},"104":{"start":{"line":262,"column":18},"end":{"line":262,"column":62}},"105":{"start":{"line":264,"column":4},"end":{"line":266,"column":5}},"106":{"start":{"line":265,"column":6},"end":{"line":265,"column":60}},"107":{"start":{"line":268,"column":26},"end":{"line":268,"column":28}},"108":{"start":{"line":269,"column":4},"end":{"line":269,"column":69}},"109":{"start":{"line":269,"column":22},"end":{"line":269,"column":69}},"110":{"start":{"line":270,"column":4},"end":{"line":270,"column":72}},"111":{"start":{"line":270,"column":23},"end":{"line":270,"column":72}},"112":{"start":{"line":271,"column":4},"end":{"line":271,"column":69}},"113":{"start":{"line":271,"column":22},"end":{"line":271,"column":69}},"114":{"start":{"line":272,"column":4},"end":{"line":272,"column":72}},"115":{"start":{"line":272,"column":23},"end":{"line":272,"column":72}},"116":{"start":{"line":274,"column":19},"end":{"line":277,"column":5}},"117":{"start":{"line":279,"column":4},"end":{"line":281,"column":5}},"118":{"start":{"line":280,"column":6},"end":{"line":280,"column":49}},"119":{"start":{"line":283,"column":4},"end":{"line":288,"column":38}},"120":{"start":{"line":288,"column":21},"end":{"line":288,"column":36}},"121":{"start":{"line":291,"column":18},"end":{"line":293,"column":6}},"122":{"start":{"line":295,"column":4},"end":{"line":297,"column":5}},"123":{"start":{"line":296,"column":6},"end":{"line":296,"column":42}},"124":{"start":{"line":299,"column":19},"end":{"line":301,"column":5}},"125":{"start":{"line":300,"column":18},"end":{"line":300,"column":62}},"126":{"start":{"line":302,"column":4},"end":{"line":304,"column":5}},"127":{"start":{"line":303,"column":6},"end":{"line":303,"column":60}},"128":{"start":{"line":306,"column":27},"end":{"line":308,"column":5}},"129":{"start":{"line":307,"column":18},"end":{"line":307,"column":52}},"130":{"start":{"line":310,"column":19},"end":{"line":313,"column":5}},"131":{"start":{"line":315,"column":4},"end":{"line":317,"column":5}},"132":{"start":{"line":316,"column":6},"end":{"line":316,"column":49}},"133":{"start":{"line":319,"column":4},"end":{"line":319,"column":26}},"134":{"start":{"line":323,"column":18},"end":{"line":325,"column":6}},"135":{"start":{"line":327,"column":4},"end":{"line":329,"column":5}},"136":{"start":{"line":328,"column":6},"end":{"line":328,"column":41}},"137":{"start":{"line":330,"column":19},"end":{"line":332,"column":5}},"138":{"start":{"line":331,"column":18},"end":{"line":331,"column":62}},"139":{"start":{"line":333,"column":4},"end":{"line":335,"column":5}},"140":{"start":{"line":334,"column":6},"end":{"line":334,"column":60}},"141":{"start":{"line":337,"column":23},"end":{"line":344,"column":5}},"142":{"start":{"line":346,"column":19},"end":{"line":349,"column":5}},"143":{"start":{"line":351,"column":4},"end":{"line":353,"column":5}},"144":{"start":{"line":352,"column":6},"end":{"line":352,"column":47}},"145":{"start":{"line":355,"column":4},"end":{"line":355,"column":22}},"146":{"start":{"line":359,"column":18},"end":{"line":361,"column":6}},"147":{"start":{"line":363,"column":4},"end":{"line":365,"column":5}},"148":{"start":{"line":364,"column":6},"end":{"line":364,"column":43}},"149":{"start":{"line":366,"column":19},"end":{"line":368,"column":5}},"150":{"start":{"line":367,"column":18},"end":{"line":367,"column":62}},"151":{"start":{"line":369,"column":4},"end":{"line":371,"column":5}},"152":{"start":{"line":370,"column":6},"end":{"line":370,"column":60}},"153":{"start":{"line":373,"column":26},"end":{"line":373,"column":28}},"154":{"start":{"line":374,"column":4},"end":{"line":374,"column":70}},"155":{"start":{"line":374,"column":22},"end":{"line":374,"column":70}},"156":{"start":{"line":375,"column":4},"end":{"line":375,"column":70}},"157":{"start":{"line":375,"column":22},"end":{"line":375,"column":70}},"158":{"start":{"line":376,"column":4},"end":{"line":376,"column":76}},"159":{"start":{"line":376,"column":24},"end":{"line":376,"column":76}},"160":{"start":{"line":377,"column":4},"end":{"line":377,"column":70}},"161":{"start":{"line":377,"column":22},"end":{"line":377,"column":70}},"162":{"start":{"line":378,"column":4},"end":{"line":381,"column":8}},"163":{"start":{"line":379,"column":6},"end":{"line":381,"column":8}},"164":{"start":{"line":383,"column":19},"end":{"line":386,"column":5}},"165":{"start":{"line":388,"column":4},"end":{"line":390,"column":5}},"166":{"start":{"line":389,"column":6},"end":{"line":389,"column":50}},"167":{"start":{"line":392,"column":4},"end":{"line":397,"column":39}},"168":{"start":{"line":397,"column":21},"end":{"line":397,"column":37}},"169":{"start":{"line":401,"column":18},"end":{"line":403,"column":5}},"170":{"start":{"line":404,"column":4},"end":{"line":406,"column":5}},"171":{"start":{"line":405,"column":6},"end":{"line":405,"column":41}},"172":{"start":{"line":408,"column":4},"end":{"line":413,"column":5}},"173":{"start":{"line":410,"column":36},"end":{"line":410,"column":68}},"174":{"start":{"line":412,"column":6},"end":{"line":412,"column":43}},"175":{"start":{"line":415,"column":19},"end":{"line":417,"column":5}},"176":{"start":{"line":416,"column":18},"end":{"line":416,"column":62}},"177":{"start":{"line":418,"column":4},"end":{"line":420,"column":5}},"178":{"start":{"line":419,"column":6},"end":{"line":419,"column":60}},"179":{"start":{"line":422,"column":28},"end":{"line":424,"column":5}},"180":{"start":{"line":423,"column":19},"end":{"line":423,"column":55}},"181":{"start":{"line":426,"column":19},"end":{"line":429,"column":5}},"182":{"start":{"line":430,"column":4},"end":{"line":432,"column":5}},"183":{"start":{"line":431,"column":6},"end":{"line":431,"column":50}},"184":{"start":{"line":434,"column":4},"end":{"line":434,"column":27}},"185":{"start":{"line":438,"column":21},"end":{"line":489,"column":5}},"186":{"start":{"line":491,"column":4},"end":{"line":535,"column":5}},"187":{"start":{"line":492,"column":23},"end":{"line":496,"column":8}},"188":{"start":{"line":498,"column":6},"end":{"line":498,"column":47}},"189":{"start":{"line":501,"column":6},"end":{"line":506,"column":7}},"190":{"start":{"line":502,"column":8},"end":{"line":502,"column":74}},"191":{"start":{"line":504,"column":8},"end":{"line":504,"column":58}},"192":{"start":{"line":505,"column":8},"end":{"line":505,"column":67}},"193":{"start":{"line":507,"column":29},"end":{"line":510,"column":9}},"194":{"start":{"line":507,"column":78},"end":{"line":510,"column":7}},"195":{"start":{"line":512,"column":23},"end":{"line":526,"column":7}},"196":{"start":{"line":528,"column":21},"end":{"line":528,"column":64}},"197":{"start":{"line":529,"column":6},"end":{"line":529,"column":75}},"198":{"start":{"line":529,"column":30},"end":{"line":529,"column":75}},"199":{"start":{"line":531,"column":6},"end":{"line":531,"column":53}},"200":{"start":{"line":533,"column":6},"end":{"line":533,"column":58}},"201":{"start":{"line":534,"column":6},"end":{"line":534,"column":53}}},"fnMap":{"0":{"name":"(anonymous_0)","decl":{"start":{"line":7,"column":2},"end":{"line":7,"column":3}},"loc":{"start":{"line":7,"column":22},"end":{"line":9,"column":3}},"line":7},"1":{"name":"(anonymous_1)","decl":{"start":{"line":11,"column":2},"end":{"line":11,"column":3}},"loc":{"start":{"line":11,"column":41},"end":{"line":13,"column":3}},"line":11},"2":{"name":"(anonymous_2)","decl":{"start":{"line":14,"column":2},"end":{"line":14,"column":3}},"loc":{"start":{"line":14,"column":38},"end":{"line":18,"column":3}},"line":14},"3":{"name":"(anonymous_3)","decl":{"start":{"line":19,"column":2},"end":{"line":19,"column":3}},"loc":{"start":{"line":19,"column":37},"end":{"line":23,"column":3}},"line":19},"4":{"name":"(anonymous_4)","decl":{"start":{"line":25,"column":2},"end":{"line":25,"column":3}},"loc":{"start":{"line":25,"column":40},"end":{"line":48,"column":3}},"line":25},"5":{"name":"(anonymous_5)","decl":{"start":{"line":49,"column":2},"end":{"line":49,"column":3}},"loc":{"start":{"line":49,"column":39},"end":{"line":75,"column":3}},"line":49},"6":{"name":"(anonymous_6)","decl":{"start":{"line":56,"column":8},"end":{"line":56,"column":9}},"loc":{"start":{"line":56,"column":20},"end":{"line":56,"column":64}},"line":56},"7":{"name":"(anonymous_7)","decl":{"start":{"line":76,"column":2},"end":{"line":76,"column":3}},"loc":{"start":{"line":76,"column":56},"end":{"line":97,"column":3}},"line":76},"8":{"name":"(anonymous_8)","decl":{"start":{"line":82,"column":6},"end":{"line":82,"column":7}},"loc":{"start":{"line":82,"column":18},"end":{"line":82,"column":62}},"line":82},"9":{"name":"(anonymous_9)","decl":{"start":{"line":99,"column":2},"end":{"line":99,"column":3}},"loc":{"start":{"line":99,"column":37},"end":{"line":117,"column":3}},"line":99},"10":{"name":"(anonymous_10)","decl":{"start":{"line":105,"column":6},"end":{"line":105,"column":7}},"loc":{"start":{"line":105,"column":18},"end":{"line":105,"column":62}},"line":105},"11":{"name":"(anonymous_11)","decl":{"start":{"line":119,"column":2},"end":{"line":119,"column":3}},"loc":{"start":{"line":119,"column":60},"end":{"line":147,"column":3}},"line":119},"12":{"name":"(anonymous_12)","decl":{"start":{"line":127,"column":6},"end":{"line":127,"column":7}},"loc":{"start":{"line":127,"column":18},"end":{"line":127,"column":62}},"line":127},"13":{"name":"(anonymous_13)","decl":{"start":{"line":149,"column":2},"end":{"line":149,"column":3}},"loc":{"start":{"line":149,"column":67},"end":{"line":190,"column":3}},"line":149},"14":{"name":"(anonymous_14)","decl":{"start":{"line":157,"column":6},"end":{"line":157,"column":7}},"loc":{"start":{"line":157,"column":18},"end":{"line":157,"column":62}},"line":157},"15":{"name":"(anonymous_15)","decl":{"start":{"line":162,"column":38},"end":{"line":162,"column":39}},"loc":{"start":{"line":162,"column":50},"end":{"line":162,"column":78}},"line":162},"16":{"name":"(anonymous_16)","decl":{"start":{"line":186,"column":6},"end":{"line":186,"column":7}},"loc":{"start":{"line":186,"column":18},"end":{"line":186,"column":46}},"line":186},"17":{"name":"(anonymous_17)","decl":{"start":{"line":192,"column":2},"end":{"line":192,"column":3}},"loc":{"start":{"line":192,"column":47},"end":{"line":217,"column":3}},"line":192},"18":{"name":"(anonymous_18)","decl":{"start":{"line":200,"column":6},"end":{"line":200,"column":7}},"loc":{"start":{"line":200,"column":18},"end":{"line":200,"column":62}},"line":200},"19":{"name":"(anonymous_19)","decl":{"start":{"line":205,"column":38},"end":{"line":205,"column":39}},"loc":{"start":{"line":205,"column":50},"end":{"line":205,"column":78}},"line":205},"20":{"name":"(anonymous_20)","decl":{"start":{"line":218,"column":2},"end":{"line":218,"column":3}},"loc":{"start":{"line":218,"column":66},"end":{"line":252,"column":3}},"line":218},"21":{"name":"(anonymous_21)","decl":{"start":{"line":228,"column":6},"end":{"line":228,"column":7}},"loc":{"start":{"line":228,"column":18},"end":{"line":228,"column":62}},"line":228},"22":{"name":"(anonymous_22)","decl":{"start":{"line":253,"column":2},"end":{"line":253,"column":3}},"loc":{"start":{"line":253,"column":53},"end":{"line":289,"column":3}},"line":253},"23":{"name":"(anonymous_23)","decl":{"start":{"line":262,"column":6},"end":{"line":262,"column":7}},"loc":{"start":{"line":262,"column":18},"end":{"line":262,"column":62}},"line":262},"24":{"name":"(anonymous_24)","decl":{"start":{"line":288,"column":12},"end":{"line":288,"column":13}},"loc":{"start":{"line":288,"column":21},"end":{"line":288,"column":36}},"line":288},"25":{"name":"(anonymous_25)","decl":{"start":{"line":290,"column":2},"end":{"line":290,"column":3}},"loc":{"start":{"line":290,"column":44},"end":{"line":320,"column":3}},"line":290},"26":{"name":"(anonymous_26)","decl":{"start":{"line":300,"column":6},"end":{"line":300,"column":7}},"loc":{"start":{"line":300,"column":18},"end":{"line":300,"column":62}},"line":300},"27":{"name":"(anonymous_27)","decl":{"start":{"line":307,"column":6},"end":{"line":307,"column":7}},"loc":{"start":{"line":307,"column":18},"end":{"line":307,"column":52}},"line":307},"28":{"name":"(anonymous_28)","decl":{"start":{"line":322,"column":2},"end":{"line":322,"column":3}},"loc":{"start":{"line":322,"column":77},"end":{"line":356,"column":3}},"line":322},"29":{"name":"(anonymous_29)","decl":{"start":{"line":331,"column":6},"end":{"line":331,"column":7}},"loc":{"start":{"line":331,"column":18},"end":{"line":331,"column":62}},"line":331},"30":{"name":"(anonymous_30)","decl":{"start":{"line":358,"column":2},"end":{"line":358,"column":3}},"loc":{"start":{"line":358,"column":55},"end":{"line":398,"column":3}},"line":358},"31":{"name":"(anonymous_31)","decl":{"start":{"line":367,"column":6},"end":{"line":367,"column":7}},"loc":{"start":{"line":367,"column":18},"end":{"line":367,"column":62}},"line":367},"32":{"name":"(anonymous_32)","decl":{"start":{"line":397,"column":12},"end":{"line":397,"column":13}},"loc":{"start":{"line":397,"column":21},"end":{"line":397,"column":37}},"line":397},"33":{"name":"(anonymous_33)","decl":{"start":{"line":400,"column":2},"end":{"line":400,"column":3}},"loc":{"start":{"line":400,"column":55},"end":{"line":435,"column":3}},"line":400},"34":{"name":"(anonymous_34)","decl":{"start":{"line":410,"column":27},"end":{"line":410,"column":28}},"loc":{"start":{"line":410,"column":36},"end":{"line":410,"column":68}},"line":410},"35":{"name":"(anonymous_35)","decl":{"start":{"line":416,"column":6},"end":{"line":416,"column":7}},"loc":{"start":{"line":416,"column":18},"end":{"line":416,"column":62}},"line":416},"36":{"name":"(anonymous_36)","decl":{"start":{"line":423,"column":6},"end":{"line":423,"column":7}},"loc":{"start":{"line":423,"column":19},"end":{"line":423,"column":55}},"line":423},"37":{"name":"(anonymous_37)","decl":{"start":{"line":437,"column":2},"end":{"line":437,"column":3}},"loc":{"start":{"line":437,"column":47},"end":{"line":536,"column":3}},"line":437},"38":{"name":"(anonymous_38)","decl":{"start":{"line":507,"column":65},"end":{"line":507,"column":66}},"loc":{"start":{"line":507,"column":78},"end":{"line":510,"column":7}},"line":507}},"branchMap":{"0":{"loc":{"start":{"line":43,"column":4},"end":{"line":45,"column":5}},"type":"if","locations":[{"start":{"line":43,"column":4},"end":{"line":45,"column":5}},{"start":{},"end":{}}],"line":43},"1":{"loc":{"start":{"line":51,"column":4},"end":{"line":53,"column":5}},"type":"if","locations":[{"start":{"line":51,"column":4},"end":{"line":53,"column":5}},{"start":{},"end":{}}],"line":51},"2":{"loc":{"start":{"line":54,"column":4},"end":{"line":60,"column":5}},"type":"if","locations":[{"start":{"line":54,"column":4},"end":{"line":60,"column":5}},{"start":{},"end":{}}],"line":54},"3":{"loc":{"start":{"line":78,"column":4},"end":{"line":80,"column":5}},"type":"if","locations":[{"start":{"line":78,"column":4},"end":{"line":80,"column":5}},{"start":{},"end":{}}],"line":78},"4":{"loc":{"start":{"line":84,"column":4},"end":{"line":86,"column":5}},"type":"if","locations":[{"start":{"line":84,"column":4},"end":{"line":86,"column":5}},{"start":{},"end":{}}],"line":84},"5":{"loc":{"start":{"line":88,"column":4},"end":{"line":90,"column":5}},"type":"if","locations":[{"start":{"line":88,"column":4},"end":{"line":90,"column":5}},{"start":{},"end":{}}],"line":88},"6":{"loc":{"start":{"line":88,"column":8},"end":{"line":88,"column":58}},"type":"binary-expr","locations":[{"start":{"line":88,"column":8},"end":{"line":88,"column":31}},{"start":{"line":88,"column":35},"end":{"line":88,"column":58}}],"line":88},"7":{"loc":{"start":{"line":101,"column":4},"end":{"line":103,"column":5}},"type":"if","locations":[{"start":{"line":101,"column":4},"end":{"line":103,"column":5}},{"start":{},"end":{}}],"line":101},"8":{"loc":{"start":{"line":107,"column":4},"end":{"line":109,"column":5}},"type":"if","locations":[{"start":{"line":107,"column":4},"end":{"line":109,"column":5}},{"start":{},"end":{}}],"line":107},"9":{"loc":{"start":{"line":110,"column":4},"end":{"line":112,"column":5}},"type":"if","locations":[{"start":{"line":110,"column":4},"end":{"line":112,"column":5}},{"start":{},"end":{}}],"line":110},"10":{"loc":{"start":{"line":123,"column":4},"end":{"line":125,"column":5}},"type":"if","locations":[{"start":{"line":123,"column":4},"end":{"line":125,"column":5}},{"start":{},"end":{}}],"line":123},"11":{"loc":{"start":{"line":129,"column":4},"end":{"line":131,"column":5}},"type":"if","locations":[{"start":{"line":129,"column":4},"end":{"line":131,"column":5}},{"start":{},"end":{}}],"line":129},"12":{"loc":{"start":{"line":143,"column":4},"end":{"line":145,"column":5}},"type":"if","locations":[{"start":{"line":143,"column":4},"end":{"line":145,"column":5}},{"start":{},"end":{}}],"line":143},"13":{"loc":{"start":{"line":153,"column":4},"end":{"line":155,"column":5}},"type":"if","locations":[{"start":{"line":153,"column":4},"end":{"line":155,"column":5}},{"start":{},"end":{}}],"line":153},"14":{"loc":{"start":{"line":159,"column":4},"end":{"line":161,"column":5}},"type":"if","locations":[{"start":{"line":159,"column":4},"end":{"line":161,"column":5}},{"start":{},"end":{}}],"line":159},"15":{"loc":{"start":{"line":163,"column":4},"end":{"line":165,"column":5}},"type":"if","locations":[{"start":{"line":163,"column":4},"end":{"line":165,"column":5}},{"start":{},"end":{}}],"line":163},"16":{"loc":{"start":{"line":179,"column":4},"end":{"line":181,"column":5}},"type":"if","locations":[{"start":{"line":179,"column":4},"end":{"line":181,"column":5}},{"start":{},"end":{}}],"line":179},"17":{"loc":{"start":{"line":196,"column":4},"end":{"line":198,"column":5}},"type":"if","locations":[{"start":{"line":196,"column":4},"end":{"line":198,"column":5}},{"start":{},"end":{}}],"line":196},"18":{"loc":{"start":{"line":202,"column":4},"end":{"line":204,"column":5}},"type":"if","locations":[{"start":{"line":202,"column":4},"end":{"line":204,"column":5}},{"start":{},"end":{}}],"line":202},"19":{"loc":{"start":{"line":206,"column":4},"end":{"line":208,"column":5}},"type":"if","locations":[{"start":{"line":206,"column":4},"end":{"line":208,"column":5}},{"start":{},"end":{}}],"line":206},"20":{"loc":{"start":{"line":213,"column":4},"end":{"line":215,"column":5}},"type":"if","locations":[{"start":{"line":213,"column":4},"end":{"line":215,"column":5}},{"start":{},"end":{}}],"line":213},"21":{"loc":{"start":{"line":223,"column":4},"end":{"line":225,"column":5}},"type":"if","locations":[{"start":{"line":223,"column":4},"end":{"line":225,"column":5}},{"start":{},"end":{}}],"line":223},"22":{"loc":{"start":{"line":230,"column":4},"end":{"line":232,"column":5}},"type":"if","locations":[{"start":{"line":230,"column":4},"end":{"line":232,"column":5}},{"start":{},"end":{}}],"line":230},"23":{"loc":{"start":{"line":238,"column":12},"end":{"line":238,"column":22}},"type":"binary-expr","locations":[{"start":{"line":238,"column":12},"end":{"line":238,"column":16}},{"start":{"line":238,"column":20},"end":{"line":238,"column":22}}],"line":238},"24":{"loc":{"start":{"line":239,"column":13},"end":{"line":239,"column":24}},"type":"binary-expr","locations":[{"start":{"line":239,"column":13},"end":{"line":239,"column":18}},{"start":{"line":239,"column":22},"end":{"line":239,"column":24}}],"line":239},"25":{"loc":{"start":{"line":247,"column":4},"end":{"line":249,"column":5}},"type":"if","locations":[{"start":{"line":247,"column":4},"end":{"line":249,"column":5}},{"start":{},"end":{}}],"line":247},"26":{"loc":{"start":{"line":258,"column":4},"end":{"line":260,"column":5}},"type":"if","locations":[{"start":{"line":258,"column":4},"end":{"line":260,"column":5}},{"start":{},"end":{}}],"line":258},"27":{"loc":{"start":{"line":264,"column":4},"end":{"line":266,"column":5}},"type":"if","locations":[{"start":{"line":264,"column":4},"end":{"line":266,"column":5}},{"start":{},"end":{}}],"line":264},"28":{"loc":{"start":{"line":269,"column":4},"end":{"line":269,"column":69}},"type":"if","locations":[{"start":{"line":269,"column":4},"end":{"line":269,"column":69}},{"start":{},"end":{}}],"line":269},"29":{"loc":{"start":{"line":270,"column":4},"end":{"line":270,"column":72}},"type":"if","locations":[{"start":{"line":270,"column":4},"end":{"line":270,"column":72}},{"start":{},"end":{}}],"line":270},"30":{"loc":{"start":{"line":271,"column":4},"end":{"line":271,"column":69}},"type":"if","locations":[{"start":{"line":271,"column":4},"end":{"line":271,"column":69}},{"start":{},"end":{}}],"line":271},"31":{"loc":{"start":{"line":272,"column":4},"end":{"line":272,"column":72}},"type":"if","locations":[{"start":{"line":272,"column":4},"end":{"line":272,"column":72}},{"start":{},"end":{}}],"line":272},"32":{"loc":{"start":{"line":279,"column":4},"end":{"line":281,"column":5}},"type":"if","locations":[{"start":{"line":279,"column":4},"end":{"line":281,"column":5}},{"start":{},"end":{}}],"line":279},"33":{"loc":{"start":{"line":295,"column":4},"end":{"line":297,"column":5}},"type":"if","locations":[{"start":{"line":295,"column":4},"end":{"line":297,"column":5}},{"start":{},"end":{}}],"line":295},"34":{"loc":{"start":{"line":302,"column":4},"end":{"line":304,"column":5}},"type":"if","locations":[{"start":{"line":302,"column":4},"end":{"line":304,"column":5}},{"start":{},"end":{}}],"line":302},"35":{"loc":{"start":{"line":315,"column":4},"end":{"line":317,"column":5}},"type":"if","locations":[{"start":{"line":315,"column":4},"end":{"line":317,"column":5}},{"start":{},"end":{}}],"line":315},"36":{"loc":{"start":{"line":327,"column":4},"end":{"line":329,"column":5}},"type":"if","locations":[{"start":{"line":327,"column":4},"end":{"line":329,"column":5}},{"start":{},"end":{}}],"line":327},"37":{"loc":{"start":{"line":333,"column":4},"end":{"line":335,"column":5}},"type":"if","locations":[{"start":{"line":333,"column":4},"end":{"line":335,"column":5}},{"start":{},"end":{}}],"line":333},"38":{"loc":{"start":{"line":340,"column":12},"end":{"line":340,"column":22}},"type":"binary-expr","locations":[{"start":{"line":340,"column":12},"end":{"line":340,"column":16}},{"start":{"line":340,"column":20},"end":{"line":340,"column":22}}],"line":340},"39":{"loc":{"start":{"line":342,"column":12},"end":{"line":342,"column":30}},"type":"binary-expr","locations":[{"start":{"line":342,"column":12},"end":{"line":342,"column":16}},{"start":{"line":342,"column":20},"end":{"line":342,"column":30}}],"line":342},"40":{"loc":{"start":{"line":343,"column":16},"end":{"line":343,"column":72}},"type":"cond-expr","locations":[{"start":{"line":343,"column":27},"end":{"line":343,"column":65}},{"start":{"line":343,"column":68},"end":{"line":343,"column":72}}],"line":343},"41":{"loc":{"start":{"line":351,"column":4},"end":{"line":353,"column":5}},"type":"if","locations":[{"start":{"line":351,"column":4},"end":{"line":353,"column":5}},{"start":{},"end":{}}],"line":351},"42":{"loc":{"start":{"line":363,"column":4},"end":{"line":365,"column":5}},"type":"if","locations":[{"start":{"line":363,"column":4},"end":{"line":365,"column":5}},{"start":{},"end":{}}],"line":363},"43":{"loc":{"start":{"line":369,"column":4},"end":{"line":371,"column":5}},"type":"if","locations":[{"start":{"line":369,"column":4},"end":{"line":371,"column":5}},{"start":{},"end":{}}],"line":369},"44":{"loc":{"start":{"line":374,"column":4},"end":{"line":374,"column":70}},"type":"if","locations":[{"start":{"line":374,"column":4},"end":{"line":374,"column":70}},{"start":{},"end":{}}],"line":374},"45":{"loc":{"start":{"line":375,"column":4},"end":{"line":375,"column":70}},"type":"if","locations":[{"start":{"line":375,"column":4},"end":{"line":375,"column":70}},{"start":{},"end":{}}],"line":375},"46":{"loc":{"start":{"line":376,"column":4},"end":{"line":376,"column":76}},"type":"if","locations":[{"start":{"line":376,"column":4},"end":{"line":376,"column":76}},{"start":{},"end":{}}],"line":376},"47":{"loc":{"start":{"line":377,"column":4},"end":{"line":377,"column":70}},"type":"if","locations":[{"start":{"line":377,"column":4},"end":{"line":377,"column":70}},{"start":{},"end":{}}],"line":377},"48":{"loc":{"start":{"line":378,"column":4},"end":{"line":381,"column":8}},"type":"if","locations":[{"start":{"line":378,"column":4},"end":{"line":381,"column":8}},{"start":{},"end":{}}],"line":378},"49":{"loc":{"start":{"line":388,"column":4},"end":{"line":390,"column":5}},"type":"if","locations":[{"start":{"line":388,"column":4},"end":{"line":390,"column":5}},{"start":{},"end":{}}],"line":388},"50":{"loc":{"start":{"line":404,"column":4},"end":{"line":406,"column":5}},"type":"if","locations":[{"start":{"line":404,"column":4},"end":{"line":406,"column":5}},{"start":{},"end":{}}],"line":404},"51":{"loc":{"start":{"line":408,"column":4},"end":{"line":413,"column":5}},"type":"if","locations":[{"start":{"line":408,"column":4},"end":{"line":413,"column":5}},{"start":{},"end":{}}],"line":408},"52":{"loc":{"start":{"line":409,"column":6},"end":{"line":410,"column":69}},"type":"binary-expr","locations":[{"start":{"line":409,"column":6},"end":{"line":409,"column":21}},{"start":{"line":410,"column":6},"end":{"line":410,"column":69}}],"line":409},"53":{"loc":{"start":{"line":418,"column":4},"end":{"line":420,"column":5}},"type":"if","locations":[{"start":{"line":418,"column":4},"end":{"line":420,"column":5}},{"start":{},"end":{}}],"line":418},"54":{"loc":{"start":{"line":430,"column":4},"end":{"line":432,"column":5}},"type":"if","locations":[{"start":{"line":430,"column":4},"end":{"line":432,"column":5}},{"start":{},"end":{}}],"line":430},"55":{"loc":{"start":{"line":507,"column":30},"end":{"line":507,"column":59}},"type":"binary-expr","locations":[{"start":{"line":507,"column":30},"end":{"line":507,"column":53}},{"start":{"line":507,"column":57},"end":{"line":507,"column":59}}],"line":507},"56":{"loc":{"start":{"line":513,"column":14},"end":{"line":513,"column":58}},"type":"binary-expr","locations":[{"start":{"line":513,"column":14},"end":{"line":513,"column":34}},{"start":{"line":513,"column":38},"end":{"line":513,"column":58}}],"line":513},"57":{"loc":{"start":{"line":514,"column":21},"end":{"line":514,"column":77}},"type":"binary-expr","locations":[{"start":{"line":514,"column":21},"end":{"line":514,"column":48}},{"start":{"line":514,"column":52},"end":{"line":514,"column":77}}],"line":514},"58":{"loc":{"start":{"line":529,"column":6},"end":{"line":529,"column":75}},"type":"if","locations":[{"start":{"line":529,"column":6},"end":{"line":529,"column":75}},{"start":{},"end":{}}],"line":529}},"s":{"0":0,"1":16,"2":18,"3":40,"4":46,"5":46,"6":46,"7":46,"8":2,"9":44,"10":44,"11":14,"12":14,"13":2,"14":12,"15":14,"16":2,"17":10,"18":10,"19":10,"20":9,"21":9,"22":2,"23":7,"24":9,"25":7,"26":4,"27":3,"28":2,"29":1,"30":1,"31":1,"32":8,"33":8,"34":2,"35":6,"36":8,"37":6,"38":3,"39":3,"40":2,"41":1,"42":1,"43":8,"44":8,"45":2,"46":6,"47":6,"48":6,"49":2,"50":4,"51":4,"52":4,"53":0,"54":4,"55":6,"56":6,"57":2,"58":4,"59":4,"60":4,"61":1,"62":3,"63":1,"64":3,"65":2,"66":1,"67":1,"68":0,"69":1,"70":1,"71":1,"72":1,"73":3,"74":3,"75":1,"76":2,"77":2,"78":2,"79":0,"80":2,"81":1,"82":2,"83":1,"84":1,"85":1,"86":0,"87":1,"88":8,"89":8,"90":1,"91":7,"92":7,"93":7,"94":1,"95":6,"96":6,"97":6,"98":0,"99":6,"100":3,"101":3,"102":1,"103":2,"104":2,"105":2,"106":1,"107":1,"108":1,"109":1,"110":1,"111":1,"112":1,"113":1,"114":1,"115":1,"116":1,"117":1,"118":0,"119":1,"120":1,"121":5,"122":5,"123":2,"124":3,"125":3,"126":3,"127":2,"128":1,"129":1,"130":1,"131":1,"132":0,"133":1,"134":4,"135":4,"136":0,"137":4,"138":4,"139":4,"140":0,"141":4,"142":4,"143":4,"144":0,"145":4,"146":3,"147":3,"148":1,"149":2,"150":2,"151":2,"152":1,"153":1,"154":1,"155":1,"156":1,"157":1,"158":1,"159":1,"160":1,"161":1,"162":1,"163":0,"164":1,"165":1,"166":0,"167":1,"168":1,"169":2,"170":2,"171":1,"172":1,"173":1,"174":0,"175":1,"176":1,"177":1,"178":0,"179":1,"180":1,"181":1,"182":1,"183":0,"184":1,"185":2,"186":2,"187":2,"188":2,"189":2,"190":2,"191":1,"192":1,"193":1,"194":1,"195":1,"196":1,"197":1,"198":0,"199":1,"200":1,"201":1},"f":{"0":0,"1":16,"2":18,"3":40,"4":46,"5":14,"6":14,"7":9,"8":9,"9":8,"10":8,"11":8,"12":6,"13":6,"14":4,"15":1,"16":1,"17":3,"18":2,"19":1,"20":8,"21":7,"22":3,"23":2,"24":1,"25":5,"26":3,"27":1,"28":4,"29":4,"30":3,"31":2,"32":1,"33":2,"34":1,"35":1,"36":1,"37":2,"38":1},"b":{"0":[2,44],"1":[2,12],"2":[2,10],"3":[2,7],"4":[4,3],"5":[2,1],"6":[3,2],"7":[2,6],"8":[3,3],"9":[2,1],"10":[2,6],"11":[2,4],"12":[0,4],"13":[2,4],"14":[1,3],"15":[2,1],"16":[0,1],"17":[1,2],"18":[0,2],"19":[1,1],"20":[0,1],"21":[1,7],"22":[1,6],"23":[6,0],"24":[6,0],"25":[0,6],"26":[1,2],"27":[1,1],"28":[1,0],"29":[1,0],"30":[1,0],"31":[1,0],"32":[0,1],"33":[2,3],"34":[2,1],"35":[0,1],"36":[0,4],"37":[0,4],"38":[4,0],"39":[4,1],"40":[0,4],"41":[0,4],"42":[1,2],"43":[1,1],"44":[1,0],"45":[1,0],"46":[1,0],"47":[1,0],"48":[0,1],"49":[0,1],"50":[1,1],"51":[0,1],"52":[1,1],"53":[0,1],"54":[0,1],"55":[1,0],"56":[1,0],"57":[1,0],"58":[0,1]},"inputSourceMap":null,"_coverageSchema":"1a1c01bbd47fc00a2c39e90264f33305004495a9","hash":"49324edab2c5750e5f560b8f9f80a6d142426fd3"}
,"C:\\Users\\Raka Mahendra\\Desktop\\Bootcamp Hacktiv8\\P3\\Final Project\\minabung\\servers\\models\\UserModel.js": {"path":"C:\\Users\\Raka Mahendra\\Desktop\\Bootcamp Hacktiv8\\P3\\Final Project\\minabung\\servers\\models\\UserModel.js","statementMap":{"0":{"start":{"line":9,"column":4},"end":{"line":9,"column":40}},"1":{"start":{"line":13,"column":4},"end":{"line":13,"column":52}},"2":{"start":{"line":26,"column":4},"end":{"line":28,"column":5}},"3":{"start":{"line":27,"column":6},"end":{"line":27,"column":44}},"4":{"start":{"line":29,"column":25},"end":{"line":31,"column":6}},"5":{"start":{"line":33,"column":4},"end":{"line":35,"column":5}},"6":{"start":{"line":34,"column":6},"end":{"line":34,"column":58}},"7":{"start":{"line":37,"column":20},"end":{"line":47,"column":5}},"8":{"start":{"line":49,"column":19},"end":{"line":49,"column":61}},"9":{"start":{"line":50,"column":4},"end":{"line":50,"column":36}},"10":{"start":{"line":52,"column":4},"end":{"line":52,"column":19}},"11":{"start":{"line":56,"column":17},"end":{"line":56,"column":59}},"12":{"start":{"line":57,"column":4},"end":{"line":59,"column":5}},"13":{"start":{"line":58,"column":6},"end":{"line":58,"column":40}},"14":{"start":{"line":61,"column":28},"end":{"line":61,"column":68}},"15":{"start":{"line":62,"column":4},"end":{"line":64,"column":5}},"16":{"start":{"line":63,"column":6},"end":{"line":63,"column":42}},"17":{"start":{"line":66,"column":20},"end":{"line":70,"column":5}},"18":{"start":{"line":72,"column":4},"end":{"line":72,"column":54}},"19":{"start":{"line":75,"column":15},"end":{"line":75,"column":52}},"20":{"start":{"line":76,"column":21},"end":{"line":76,"column":65}},"21":{"start":{"line":78,"column":4},"end":{"line":80,"column":5}},"22":{"start":{"line":79,"column":6},"end":{"line":79,"column":40}},"23":{"start":{"line":81,"column":23},"end":{"line":86,"column":5}},"24":{"start":{"line":88,"column":19},"end":{"line":92,"column":5}},"25":{"start":{"line":94,"column":4},"end":{"line":96,"column":5}},"26":{"start":{"line":95,"column":6},"end":{"line":95,"column":50}},"27":{"start":{"line":98,"column":24},"end":{"line":98,"column":68}},"28":{"start":{"line":100,"column":4},"end":{"line":100,"column":23}},"29":{"start":{"line":103,"column":15},"end":{"line":103,"column":52}},"30":{"start":{"line":104,"column":21},"end":{"line":104,"column":65}},"31":{"start":{"line":106,"column":4},"end":{"line":108,"column":5}},"32":{"start":{"line":107,"column":6},"end":{"line":107,"column":40}},"33":{"start":{"line":110,"column":4},"end":{"line":110,"column":69}},"34":{"start":{"line":112,"column":33},"end":{"line":112,"column":43}},"35":{"start":{"line":113,"column":19},"end":{"line":113,"column":37}},"36":{"start":{"line":115,"column":4},"end":{"line":147,"column":5}},"37":{"start":{"line":116,"column":31},"end":{"line":130,"column":8}},"38":{"start":{"line":117,"column":29},"end":{"line":128,"column":9}},"39":{"start":{"line":120,"column":12},"end":{"line":126,"column":13}},"40":{"start":{"line":121,"column":14},"end":{"line":121,"column":66}},"41":{"start":{"line":122,"column":14},"end":{"line":122,"column":28}},"42":{"start":{"line":124,"column":14},"end":{"line":124,"column":77}},"43":{"start":{"line":125,"column":14},"end":{"line":125,"column":41}},"44":{"start":{"line":129,"column":8},"end":{"line":129,"column":34}},"45":{"start":{"line":132,"column":6},"end":{"line":132,"column":72}},"46":{"start":{"line":134,"column":21},"end":{"line":138,"column":7}},"47":{"start":{"line":140,"column":6},"end":{"line":143,"column":8}},"48":{"start":{"line":145,"column":6},"end":{"line":145,"column":63}},"49":{"start":{"line":146,"column":6},"end":{"line":146,"column":62}},"50":{"start":{"line":151,"column":15},"end":{"line":151,"column":51}},"51":{"start":{"line":153,"column":19},"end":{"line":156,"column":5}},"52":{"start":{"line":158,"column":4},"end":{"line":160,"column":5}},"53":{"start":{"line":159,"column":6},"end":{"line":159,"column":64}},"54":{"start":{"line":162,"column":4},"end":{"line":162,"column":68}}},"fnMap":{"0":{"name":"(anonymous_0)","decl":{"start":{"line":8,"column":2},"end":{"line":8,"column":3}},"loc":{"start":{"line":8,"column":22},"end":{"line":10,"column":3}},"line":8},"1":{"name":"(anonymous_1)","decl":{"start":{"line":12,"column":2},"end":{"line":12,"column":3}},"loc":{"start":{"line":12,"column":25},"end":{"line":14,"column":3}},"line":12},"2":{"name":"(anonymous_2)","decl":{"start":{"line":16,"column":2},"end":{"line":16,"column":3}},"loc":{"start":{"line":25,"column":4},"end":{"line":53,"column":3}},"line":25},"3":{"name":"(anonymous_3)","decl":{"start":{"line":55,"column":2},"end":{"line":55,"column":3}},"loc":{"start":{"line":55,"column":38},"end":{"line":73,"column":3}},"line":55},"4":{"name":"(anonymous_4)","decl":{"start":{"line":74,"column":2},"end":{"line":74,"column":3}},"loc":{"start":{"line":74,"column":44},"end":{"line":101,"column":3}},"line":74},"5":{"name":"(anonymous_5)","decl":{"start":{"line":102,"column":2},"end":{"line":102,"column":3}},"loc":{"start":{"line":102,"column":48},"end":{"line":148,"column":3}},"line":102},"6":{"name":"(anonymous_6)","decl":{"start":{"line":116,"column":49},"end":{"line":116,"column":50}},"loc":{"start":{"line":116,"column":70},"end":{"line":130,"column":7}},"line":116},"7":{"name":"(anonymous_7)","decl":{"start":{"line":119,"column":10},"end":{"line":119,"column":11}},"loc":{"start":{"line":119,"column":29},"end":{"line":127,"column":11}},"line":119},"8":{"name":"(anonymous_8)","decl":{"start":{"line":150,"column":2},"end":{"line":150,"column":3}},"loc":{"start":{"line":150,"column":48},"end":{"line":163,"column":3}},"line":150}},"branchMap":{"0":{"loc":{"start":{"line":22,"column":4},"end":{"line":22,"column":25}},"type":"default-arg","locations":[{"start":{"line":22,"column":21},"end":{"line":22,"column":25}}],"line":22},"1":{"loc":{"start":{"line":23,"column":4},"end":{"line":23,"column":20}},"type":"default-arg","locations":[{"start":{"line":23,"column":16},"end":{"line":23,"column":20}}],"line":23},"2":{"loc":{"start":{"line":24,"column":4},"end":{"line":24,"column":18}},"type":"default-arg","locations":[{"start":{"line":24,"column":14},"end":{"line":24,"column":18}}],"line":24},"3":{"loc":{"start":{"line":26,"column":4},"end":{"line":28,"column":5}},"type":"if","locations":[{"start":{"line":26,"column":4},"end":{"line":28,"column":5}},{"start":{},"end":{}}],"line":26},"4":{"loc":{"start":{"line":33,"column":4},"end":{"line":35,"column":5}},"type":"if","locations":[{"start":{"line":33,"column":4},"end":{"line":35,"column":5}},{"start":{},"end":{}}],"line":33},"5":{"loc":{"start":{"line":57,"column":4},"end":{"line":59,"column":5}},"type":"if","locations":[{"start":{"line":57,"column":4},"end":{"line":59,"column":5}},{"start":{},"end":{}}],"line":57},"6":{"loc":{"start":{"line":62,"column":4},"end":{"line":64,"column":5}},"type":"if","locations":[{"start":{"line":62,"column":4},"end":{"line":64,"column":5}},{"start":{},"end":{}}],"line":62},"7":{"loc":{"start":{"line":78,"column":4},"end":{"line":80,"column":5}},"type":"if","locations":[{"start":{"line":78,"column":4},"end":{"line":80,"column":5}},{"start":{},"end":{}}],"line":78},"8":{"loc":{"start":{"line":82,"column":12},"end":{"line":82,"column":41}},"type":"binary-expr","locations":[{"start":{"line":82,"column":12},"end":{"line":82,"column":24}},{"start":{"line":82,"column":28},"end":{"line":82,"column":41}}],"line":82},"9":{"loc":{"start":{"line":83,"column":16},"end":{"line":83,"column":53}},"type":"binary-expr","locations":[{"start":{"line":83,"column":16},"end":{"line":83,"column":32}},{"start":{"line":83,"column":36},"end":{"line":83,"column":53}}],"line":83},"10":{"loc":{"start":{"line":84,"column":13},"end":{"line":84,"column":44}},"type":"binary-expr","locations":[{"start":{"line":84,"column":13},"end":{"line":84,"column":26}},{"start":{"line":84,"column":30},"end":{"line":84,"column":44}}],"line":84},"11":{"loc":{"start":{"line":85,"column":17},"end":{"line":85,"column":56}},"type":"binary-expr","locations":[{"start":{"line":85,"column":17},"end":{"line":85,"column":34}},{"start":{"line":85,"column":38},"end":{"line":85,"column":56}}],"line":85},"12":{"loc":{"start":{"line":94,"column":4},"end":{"line":96,"column":5}},"type":"if","locations":[{"start":{"line":94,"column":4},"end":{"line":96,"column":5}},{"start":{},"end":{}}],"line":94},"13":{"loc":{"start":{"line":106,"column":4},"end":{"line":108,"column":5}},"type":"if","locations":[{"start":{"line":106,"column":4},"end":{"line":108,"column":5}},{"start":{},"end":{}}],"line":106},"14":{"loc":{"start":{"line":120,"column":12},"end":{"line":126,"column":13}},"type":"if","locations":[{"start":{"line":120,"column":12},"end":{"line":126,"column":13}},{"start":{"line":123,"column":19},"end":{"line":126,"column":13}}],"line":120},"15":{"loc":{"start":{"line":158,"column":4},"end":{"line":160,"column":5}},"type":"if","locations":[{"start":{"line":158,"column":4},"end":{"line":160,"column":5}},{"start":{},"end":{}}],"line":158}},"s":{"0":0,"1":1,"2":3,"3":1,"4":2,"5":2,"6":1,"7":1,"8":1,"9":1,"10":1,"11":3,"12":3,"13":1,"14":2,"15":2,"16":1,"17":1,"18":1,"19":2,"20":2,"21":2,"22":1,"23":1,"24":1,"25":1,"26":0,"27":1,"28":1,"29":2,"30":2,"31":2,"32":1,"33":1,"34":1,"35":1,"36":1,"37":1,"38":1,"39":1,"40":0,"41":0,"42":1,"43":1,"44":1,"45":1,"46":1,"47":1,"48":0,"49":0,"50":45,"51":45,"52":45,"53":0,"54":45},"f":{"0":0,"1":1,"2":3,"3":3,"4":2,"5":2,"6":1,"7":1,"8":45},"b":{"0":[2],"1":[2],"2":[3],"3":[1,2],"4":[1,1],"5":[1,2],"6":[1,1],"7":[1,1],"8":[1,0],"9":[1,0],"10":[1,0],"11":[1,0],"12":[0,1],"13":[1,1],"14":[0,1],"15":[0,45]},"inputSourceMap":null,"_coverageSchema":"1a1c01bbd47fc00a2c39e90264f33305004495a9","hash":"2c2ae21d772760b2196c814f4203e3633195b68a"}
}
