{"C:\\Users\\Raka Mahendra\\Desktop\\Bootcamp Hacktiv8\\P3\\Final Project\\minabung\\servers\\config\\Cloudinary.js": {"path":"C:\\Users\\Raka Mahendra\\Desktop\\Bootcamp Hacktiv8\\P3\\Final Project\\minabung\\servers\\config\\Cloudinary.js","statementMap":{"0":{"start":{"line":4,"column":0},"end":{"line":4,"column":16}},"1":{"start":{"line":6,"column":0},"end":{"line":10,"column":3}}},"fnMap":{},"branchMap":{},"s":{"0":1,"1":1},"f":{},"b":{},"inputSourceMap":null,"_coverageSchema":"1a1c01bbd47fc00a2c39e90264f33305004495a9","hash":"0e431ad77b7272c1dffa4270787ef6af7467254b"}
,"C:\\Users\\Raka Mahendra\\Desktop\\Bootcamp Hacktiv8\\P3\\Final Project\\minabung\\servers\\config\\Mongodb.js": {"path":"C:\\Users\\Raka Mahendra\\Desktop\\Bootcamp Hacktiv8\\P3\\Final Project\\minabung\\servers\\config\\Mongodb.js","statementMap":{"0":{"start":{"line":4,"column":12},"end":{"line":4,"column":35}},"1":{"start":{"line":5,"column":15},"end":{"line":5,"column":35}},"2":{"start":{"line":7,"column":24},"end":{"line":7,"column":45}}},"fnMap":{},"branchMap":{},"s":{"0":2,"1":2,"2":2},"f":{},"b":{},"inputSourceMap":null,"_coverageSchema":"1a1c01bbd47fc00a2c39e90264f33305004495a9","hash":"78d65e9dcc381f95695806492ff42185cea2b50d"}
,"C:\\Users\\Raka Mahendra\\Desktop\\Bootcamp Hacktiv8\\P3\\Final Project\\minabung\\servers\\helpers\\bcrypt.js": {"path":"C:\\Users\\Raka Mahendra\\Desktop\\Bootcamp Hacktiv8\\P3\\Final Project\\minabung\\servers\\helpers\\bcrypt.js","statementMap":{"0":{"start":{"line":4,"column":15},"end":{"line":4,"column":37}},"1":{"start":{"line":5,"column":15},"end":{"line":5,"column":46}},"2":{"start":{"line":6,"column":2},"end":{"line":6,"column":14}},"3":{"start":{"line":10,"column":2},"end":{"line":10,"column":52}}},"fnMap":{"0":{"name":"hashPassword","decl":{"start":{"line":3,"column":9},"end":{"line":3,"column":21}},"loc":{"start":{"line":3,"column":32},"end":{"line":7,"column":1}},"line":3},"1":{"name":"comparePassword","decl":{"start":{"line":9,"column":9},"end":{"line":9,"column":24}},"loc":{"start":{"line":9,"column":49},"end":{"line":11,"column":1}},"line":9}},"branchMap":{},"s":{"0":2,"1":2,"2":2,"3":2},"f":{"0":2,"1":2},"b":{},"inputSourceMap":null,"_coverageSchema":"1a1c01bbd47fc00a2c39e90264f33305004495a9","hash":"c24bbf1a63b45eae5127420eb8614f66e807e3b9"}
,"C:\\Users\\Raka Mahendra\\Desktop\\Bootcamp Hacktiv8\\P3\\Final Project\\minabung\\servers\\helpers\\jwt.js": {"path":"C:\\Users\\Raka Mahendra\\Desktop\\Bootcamp Hacktiv8\\P3\\Final Project\\minabung\\servers\\helpers\\jwt.js","statementMap":{"0":{"start":{"line":4,"column":18},"end":{"line":4,"column":37}},"1":{"start":{"line":7,"column":2},"end":{"line":7,"column":38}},"2":{"start":{"line":11,"column":2},"end":{"line":11,"column":38}}},"fnMap":{"0":{"name":"signToken","decl":{"start":{"line":6,"column":9},"end":{"line":6,"column":18}},"loc":{"start":{"line":6,"column":28},"end":{"line":8,"column":1}},"line":6},"1":{"name":"verifyToken","decl":{"start":{"line":10,"column":9},"end":{"line":10,"column":20}},"loc":{"start":{"line":10,"column":28},"end":{"line":12,"column":1}},"line":10}},"branchMap":{},"s":{"0":2,"1":2,"2":2},"f":{"0":2,"1":2},"b":{},"inputSourceMap":null,"_coverageSchema":"1a1c01bbd47fc00a2c39e90264f33305004495a9","hash":"288c6b114330ffa7aaa1dfac2dcb71bd86dd65e9"}
,"C:\\Users\\Raka Mahendra\\Desktop\\Bootcamp Hacktiv8\\P3\\Final Project\\minabung\\servers\\helpers\\openAI.js": {"path":"C:\\Users\\Raka Mahendra\\Desktop\\Bootcamp Hacktiv8\\P3\\Final Project\\minabung\\servers\\helpers\\openAI.js","statementMap":{"0":{"start":{"line":4,"column":0},"end":{"line":4,"column":16}},"1":{"start":{"line":6,"column":15},"end":{"line":8,"column":2}}},"fnMap":{},"branchMap":{},"s":{"0":1,"1":1},"f":{},"b":{},"inputSourceMap":null,"_coverageSchema":"1a1c01bbd47fc00a2c39e90264f33305004495a9","hash":"95b4f0296b8c2a426b49a35d5d2e8b4fd7c12752"}
,"C:\\Users\\Raka Mahendra\\Desktop\\Bootcamp Hacktiv8\\P3\\Final Project\\minabung\\servers\\models\\GroupModel.js": {"path":"C:\\Users\\Raka Mahendra\\Desktop\\Bootcamp Hacktiv8\\P3\\Final Project\\minabung\\servers\\models\\GroupModel.js","statementMap":{"0":{"start":{"line":8,"column":4},"end":{"line":8,"column":41}},"1":{"start":{"line":12,"column":4},"end":{"line":12,"column":55}},"2":{"start":{"line":15,"column":4},"end":{"line":17,"column":7}},"3":{"start":{"line":20,"column":4},"end":{"line":22,"column":7}},"4":{"start":{"line":26,"column":19},"end":{"line":26,"column":54}},"5":{"start":{"line":27,"column":21},"end":{"line":41,"column":5}},"6":{"start":{"line":42,"column":19},"end":{"line":42,"column":62}},"7":{"start":{"line":43,"column":4},"end":{"line":45,"column":5}},"8":{"start":{"line":44,"column":6},"end":{"line":44,"column":48}},"9":{"start":{"line":46,"column":4},"end":{"line":46,"column":64}},"10":{"start":{"line":47,"column":4},"end":{"line":47,"column":51}},"11":{"start":{"line":50,"column":18},"end":{"line":50,"column":54}},"12":{"start":{"line":51,"column":4},"end":{"line":53,"column":5}},"13":{"start":{"line":52,"column":6},"end":{"line":52,"column":41}},"14":{"start":{"line":54,"column":4},"end":{"line":60,"column":5}},"15":{"start":{"line":56,"column":20},"end":{"line":56,"column":64}},"16":{"start":{"line":59,"column":6},"end":{"line":59,"column":64}},"17":{"start":{"line":61,"column":19},"end":{"line":72,"column":5}},"18":{"start":{"line":73,"column":25},"end":{"line":73,"column":71}},"19":{"start":{"line":74,"column":4},"end":{"line":74,"column":24}},"20":{"start":{"line":77,"column":18},"end":{"line":77,"column":75}},"21":{"start":{"line":78,"column":4},"end":{"line":80,"column":5}},"22":{"start":{"line":79,"column":6},"end":{"line":79,"column":41}},"23":{"start":{"line":81,"column":17},"end":{"line":83,"column":5}},"24":{"start":{"line":82,"column":18},"end":{"line":82,"column":62}},"25":{"start":{"line":84,"column":4},"end":{"line":86,"column":5}},"26":{"start":{"line":85,"column":6},"end":{"line":85,"column":60}},"27":{"start":{"line":88,"column":4},"end":{"line":90,"column":5}},"28":{"start":{"line":89,"column":6},"end":{"line":89,"column":61}},"29":{"start":{"line":91,"column":19},"end":{"line":94,"column":5}},"30":{"start":{"line":95,"column":21},"end":{"line":95,"column":78}},"31":{"start":{"line":96,"column":4},"end":{"line":96,"column":20}},"32":{"start":{"line":100,"column":18},"end":{"line":100,"column":75}},"33":{"start":{"line":101,"column":4},"end":{"line":103,"column":5}},"34":{"start":{"line":102,"column":6},"end":{"line":102,"column":41}},"35":{"start":{"line":104,"column":17},"end":{"line":106,"column":5}},"36":{"start":{"line":105,"column":18},"end":{"line":105,"column":62}},"37":{"start":{"line":107,"column":4},"end":{"line":109,"column":5}},"38":{"start":{"line":108,"column":6},"end":{"line":108,"column":60}},"39":{"start":{"line":110,"column":4},"end":{"line":112,"column":5}},"40":{"start":{"line":111,"column":6},"end":{"line":111,"column":58}},"41":{"start":{"line":113,"column":19},"end":{"line":115,"column":6}},"42":{"start":{"line":116,"column":4},"end":{"line":116,"column":31}},"43":{"start":{"line":120,"column":18},"end":{"line":122,"column":5}},"44":{"start":{"line":123,"column":4},"end":{"line":125,"column":5}},"45":{"start":{"line":124,"column":6},"end":{"line":124,"column":41}},"46":{"start":{"line":126,"column":17},"end":{"line":128,"column":5}},"47":{"start":{"line":127,"column":18},"end":{"line":127,"column":62}},"48":{"start":{"line":129,"column":4},"end":{"line":131,"column":5}},"49":{"start":{"line":130,"column":6},"end":{"line":130,"column":60}},"50":{"start":{"line":132,"column":19},"end":{"line":138,"column":5}},"51":{"start":{"line":139,"column":19},"end":{"line":142,"column":5}},"52":{"start":{"line":143,"column":4},"end":{"line":143,"column":18}},"53":{"start":{"line":147,"column":18},"end":{"line":149,"column":5}},"54":{"start":{"line":150,"column":4},"end":{"line":152,"column":5}},"55":{"start":{"line":151,"column":6},"end":{"line":151,"column":41}},"56":{"start":{"line":153,"column":17},"end":{"line":155,"column":5}},"57":{"start":{"line":154,"column":18},"end":{"line":154,"column":62}},"58":{"start":{"line":156,"column":4},"end":{"line":158,"column":5}},"59":{"start":{"line":157,"column":6},"end":{"line":157,"column":60}},"60":{"start":{"line":159,"column":19},"end":{"line":159,"column":79}},"61":{"start":{"line":159,"column":50},"end":{"line":159,"column":78}},"62":{"start":{"line":160,"column":4},"end":{"line":162,"column":5}},"63":{"start":{"line":161,"column":6},"end":{"line":161,"column":42}},"64":{"start":{"line":163,"column":19},"end":{"line":175,"column":5}},"65":{"start":{"line":176,"column":25},"end":{"line":178,"column":5}},"66":{"start":{"line":179,"column":31},"end":{"line":181,"column":5}},"67":{"start":{"line":180,"column":18},"end":{"line":180,"column":46}},"68":{"start":{"line":183,"column":4},"end":{"line":183,"column":30}},"69":{"start":{"line":187,"column":18},"end":{"line":189,"column":5}},"70":{"start":{"line":190,"column":4},"end":{"line":192,"column":5}},"71":{"start":{"line":191,"column":6},"end":{"line":191,"column":41}},"72":{"start":{"line":193,"column":17},"end":{"line":195,"column":5}},"73":{"start":{"line":194,"column":18},"end":{"line":194,"column":62}},"74":{"start":{"line":196,"column":4},"end":{"line":198,"column":5}},"75":{"start":{"line":197,"column":6},"end":{"line":197,"column":60}},"76":{"start":{"line":199,"column":19},"end":{"line":199,"column":79}},"77":{"start":{"line":199,"column":50},"end":{"line":199,"column":78}},"78":{"start":{"line":200,"column":4},"end":{"line":202,"column":5}},"79":{"start":{"line":201,"column":6},"end":{"line":201,"column":42}},"80":{"start":{"line":203,"column":19},"end":{"line":206,"column":5}},"81":{"start":{"line":207,"column":4},"end":{"line":207,"column":31}},"82":{"start":{"line":210,"column":18},"end":{"line":212,"column":6}},"83":{"start":{"line":214,"column":4},"end":{"line":216,"column":5}},"84":{"start":{"line":215,"column":6},"end":{"line":215,"column":41}},"85":{"start":{"line":218,"column":19},"end":{"line":220,"column":5}},"86":{"start":{"line":219,"column":18},"end":{"line":219,"column":62}},"87":{"start":{"line":221,"column":4},"end":{"line":223,"column":5}},"88":{"start":{"line":222,"column":6},"end":{"line":222,"column":60}},"89":{"start":{"line":225,"column":22},"end":{"line":231,"column":5}},"90":{"start":{"line":233,"column":19},"end":{"line":236,"column":5}},"91":{"start":{"line":237,"column":4},"end":{"line":237,"column":21}},"92":{"start":{"line":240,"column":18},"end":{"line":242,"column":6}},"93":{"start":{"line":244,"column":4},"end":{"line":246,"column":5}},"94":{"start":{"line":245,"column":6},"end":{"line":245,"column":42}},"95":{"start":{"line":247,"column":19},"end":{"line":249,"column":5}},"96":{"start":{"line":248,"column":18},"end":{"line":248,"column":62}},"97":{"start":{"line":250,"column":4},"end":{"line":252,"column":5}},"98":{"start":{"line":251,"column":6},"end":{"line":251,"column":60}},"99":{"start":{"line":254,"column":26},"end":{"line":254,"column":28}},"100":{"start":{"line":255,"column":4},"end":{"line":255,"column":69}},"101":{"start":{"line":255,"column":22},"end":{"line":255,"column":69}},"102":{"start":{"line":256,"column":4},"end":{"line":256,"column":72}},"103":{"start":{"line":256,"column":23},"end":{"line":256,"column":72}},"104":{"start":{"line":257,"column":4},"end":{"line":257,"column":69}},"105":{"start":{"line":257,"column":22},"end":{"line":257,"column":69}},"106":{"start":{"line":258,"column":4},"end":{"line":258,"column":72}},"107":{"start":{"line":258,"column":23},"end":{"line":258,"column":72}},"108":{"start":{"line":260,"column":19},"end":{"line":263,"column":5}},"109":{"start":{"line":264,"column":4},"end":{"line":269,"column":38}},"110":{"start":{"line":269,"column":21},"end":{"line":269,"column":36}},"111":{"start":{"line":272,"column":18},"end":{"line":274,"column":6}},"112":{"start":{"line":276,"column":4},"end":{"line":278,"column":5}},"113":{"start":{"line":277,"column":6},"end":{"line":277,"column":42}},"114":{"start":{"line":280,"column":19},"end":{"line":282,"column":5}},"115":{"start":{"line":281,"column":18},"end":{"line":281,"column":62}},"116":{"start":{"line":283,"column":4},"end":{"line":285,"column":5}},"117":{"start":{"line":284,"column":6},"end":{"line":284,"column":60}},"118":{"start":{"line":287,"column":27},"end":{"line":289,"column":5}},"119":{"start":{"line":288,"column":18},"end":{"line":288,"column":52}},"120":{"start":{"line":291,"column":19},"end":{"line":294,"column":5}},"121":{"start":{"line":295,"column":4},"end":{"line":295,"column":26}},"122":{"start":{"line":299,"column":18},"end":{"line":301,"column":6}},"123":{"start":{"line":303,"column":4},"end":{"line":305,"column":5}},"124":{"start":{"line":304,"column":6},"end":{"line":304,"column":41}},"125":{"start":{"line":306,"column":19},"end":{"line":308,"column":5}},"126":{"start":{"line":307,"column":18},"end":{"line":307,"column":62}},"127":{"start":{"line":309,"column":4},"end":{"line":311,"column":5}},"128":{"start":{"line":310,"column":6},"end":{"line":310,"column":60}},"129":{"start":{"line":313,"column":23},"end":{"line":320,"column":5}},"130":{"start":{"line":322,"column":19},"end":{"line":325,"column":5}},"131":{"start":{"line":326,"column":4},"end":{"line":326,"column":22}},"132":{"start":{"line":330,"column":18},"end":{"line":332,"column":6}},"133":{"start":{"line":334,"column":4},"end":{"line":336,"column":5}},"134":{"start":{"line":335,"column":6},"end":{"line":335,"column":43}},"135":{"start":{"line":337,"column":19},"end":{"line":339,"column":5}},"136":{"start":{"line":338,"column":18},"end":{"line":338,"column":62}},"137":{"start":{"line":340,"column":4},"end":{"line":342,"column":5}},"138":{"start":{"line":341,"column":6},"end":{"line":341,"column":60}},"139":{"start":{"line":344,"column":26},"end":{"line":344,"column":28}},"140":{"start":{"line":345,"column":4},"end":{"line":345,"column":70}},"141":{"start":{"line":345,"column":22},"end":{"line":345,"column":70}},"142":{"start":{"line":346,"column":4},"end":{"line":346,"column":70}},"143":{"start":{"line":346,"column":22},"end":{"line":346,"column":70}},"144":{"start":{"line":347,"column":4},"end":{"line":347,"column":76}},"145":{"start":{"line":347,"column":24},"end":{"line":347,"column":76}},"146":{"start":{"line":348,"column":4},"end":{"line":348,"column":70}},"147":{"start":{"line":348,"column":22},"end":{"line":348,"column":70}},"148":{"start":{"line":349,"column":4},"end":{"line":352,"column":8}},"149":{"start":{"line":350,"column":6},"end":{"line":352,"column":8}},"150":{"start":{"line":354,"column":19},"end":{"line":357,"column":5}},"151":{"start":{"line":359,"column":4},"end":{"line":364,"column":39}},"152":{"start":{"line":364,"column":21},"end":{"line":364,"column":37}},"153":{"start":{"line":368,"column":18},"end":{"line":370,"column":5}},"154":{"start":{"line":371,"column":4},"end":{"line":373,"column":5}},"155":{"start":{"line":372,"column":6},"end":{"line":372,"column":41}},"156":{"start":{"line":375,"column":4},"end":{"line":380,"column":5}},"157":{"start":{"line":377,"column":36},"end":{"line":377,"column":68}},"158":{"start":{"line":379,"column":6},"end":{"line":379,"column":43}},"159":{"start":{"line":382,"column":19},"end":{"line":384,"column":5}},"160":{"start":{"line":383,"column":18},"end":{"line":383,"column":62}},"161":{"start":{"line":385,"column":4},"end":{"line":387,"column":5}},"162":{"start":{"line":386,"column":6},"end":{"line":386,"column":60}},"163":{"start":{"line":389,"column":28},"end":{"line":391,"column":5}},"164":{"start":{"line":390,"column":19},"end":{"line":390,"column":55}},"165":{"start":{"line":393,"column":19},"end":{"line":396,"column":5}},"166":{"start":{"line":398,"column":4},"end":{"line":398,"column":27}},"167":{"start":{"line":402,"column":21},"end":{"line":453,"column":5}},"168":{"start":{"line":455,"column":4},"end":{"line":499,"column":5}},"169":{"start":{"line":456,"column":23},"end":{"line":460,"column":8}},"170":{"start":{"line":462,"column":6},"end":{"line":462,"column":47}},"171":{"start":{"line":465,"column":6},"end":{"line":470,"column":7}},"172":{"start":{"line":466,"column":8},"end":{"line":466,"column":74}},"173":{"start":{"line":468,"column":8},"end":{"line":468,"column":58}},"174":{"start":{"line":469,"column":8},"end":{"line":469,"column":67}},"175":{"start":{"line":471,"column":29},"end":{"line":474,"column":9}},"176":{"start":{"line":471,"column":78},"end":{"line":474,"column":7}},"177":{"start":{"line":476,"column":23},"end":{"line":490,"column":7}},"178":{"start":{"line":492,"column":21},"end":{"line":492,"column":64}},"179":{"start":{"line":493,"column":6},"end":{"line":493,"column":75}},"180":{"start":{"line":493,"column":30},"end":{"line":493,"column":75}},"181":{"start":{"line":495,"column":6},"end":{"line":495,"column":53}},"182":{"start":{"line":497,"column":6},"end":{"line":497,"column":58}},"183":{"start":{"line":498,"column":6},"end":{"line":498,"column":53}}},"fnMap":{"0":{"name":"(anonymous_0)","decl":{"start":{"line":7,"column":2},"end":{"line":7,"column":3}},"loc":{"start":{"line":7,"column":22},"end":{"line":9,"column":3}},"line":7},"1":{"name":"(anonymous_1)","decl":{"start":{"line":11,"column":2},"end":{"line":11,"column":3}},"loc":{"start":{"line":11,"column":41},"end":{"line":13,"column":3}},"line":11},"2":{"name":"(anonymous_2)","decl":{"start":{"line":14,"column":2},"end":{"line":14,"column":3}},"loc":{"start":{"line":14,"column":38},"end":{"line":18,"column":3}},"line":14},"3":{"name":"(anonymous_3)","decl":{"start":{"line":19,"column":2},"end":{"line":19,"column":3}},"loc":{"start":{"line":19,"column":37},"end":{"line":23,"column":3}},"line":19},"4":{"name":"(anonymous_4)","decl":{"start":{"line":25,"column":2},"end":{"line":25,"column":3}},"loc":{"start":{"line":25,"column":40},"end":{"line":48,"column":3}},"line":25},"5":{"name":"(anonymous_5)","decl":{"start":{"line":49,"column":2},"end":{"line":49,"column":3}},"loc":{"start":{"line":49,"column":39},"end":{"line":75,"column":3}},"line":49},"6":{"name":"(anonymous_6)","decl":{"start":{"line":56,"column":8},"end":{"line":56,"column":9}},"loc":{"start":{"line":56,"column":20},"end":{"line":56,"column":64}},"line":56},"7":{"name":"(anonymous_7)","decl":{"start":{"line":76,"column":2},"end":{"line":76,"column":3}},"loc":{"start":{"line":76,"column":56},"end":{"line":97,"column":3}},"line":76},"8":{"name":"(anonymous_8)","decl":{"start":{"line":82,"column":6},"end":{"line":82,"column":7}},"loc":{"start":{"line":82,"column":18},"end":{"line":82,"column":62}},"line":82},"9":{"name":"(anonymous_9)","decl":{"start":{"line":99,"column":2},"end":{"line":99,"column":3}},"loc":{"start":{"line":99,"column":37},"end":{"line":117,"column":3}},"line":99},"10":{"name":"(anonymous_10)","decl":{"start":{"line":105,"column":6},"end":{"line":105,"column":7}},"loc":{"start":{"line":105,"column":18},"end":{"line":105,"column":62}},"line":105},"11":{"name":"(anonymous_11)","decl":{"start":{"line":119,"column":2},"end":{"line":119,"column":3}},"loc":{"start":{"line":119,"column":60},"end":{"line":144,"column":3}},"line":119},"12":{"name":"(anonymous_12)","decl":{"start":{"line":127,"column":6},"end":{"line":127,"column":7}},"loc":{"start":{"line":127,"column":18},"end":{"line":127,"column":62}},"line":127},"13":{"name":"(anonymous_13)","decl":{"start":{"line":146,"column":2},"end":{"line":146,"column":3}},"loc":{"start":{"line":146,"column":67},"end":{"line":184,"column":3}},"line":146},"14":{"name":"(anonymous_14)","decl":{"start":{"line":154,"column":6},"end":{"line":154,"column":7}},"loc":{"start":{"line":154,"column":18},"end":{"line":154,"column":62}},"line":154},"15":{"name":"(anonymous_15)","decl":{"start":{"line":159,"column":38},"end":{"line":159,"column":39}},"loc":{"start":{"line":159,"column":50},"end":{"line":159,"column":78}},"line":159},"16":{"name":"(anonymous_16)","decl":{"start":{"line":180,"column":6},"end":{"line":180,"column":7}},"loc":{"start":{"line":180,"column":18},"end":{"line":180,"column":46}},"line":180},"17":{"name":"(anonymous_17)","decl":{"start":{"line":186,"column":2},"end":{"line":186,"column":3}},"loc":{"start":{"line":186,"column":47},"end":{"line":208,"column":3}},"line":186},"18":{"name":"(anonymous_18)","decl":{"start":{"line":194,"column":6},"end":{"line":194,"column":7}},"loc":{"start":{"line":194,"column":18},"end":{"line":194,"column":62}},"line":194},"19":{"name":"(anonymous_19)","decl":{"start":{"line":199,"column":38},"end":{"line":199,"column":39}},"loc":{"start":{"line":199,"column":50},"end":{"line":199,"column":78}},"line":199},"20":{"name":"(anonymous_20)","decl":{"start":{"line":209,"column":2},"end":{"line":209,"column":3}},"loc":{"start":{"line":209,"column":66},"end":{"line":238,"column":3}},"line":209},"21":{"name":"(anonymous_21)","decl":{"start":{"line":219,"column":6},"end":{"line":219,"column":7}},"loc":{"start":{"line":219,"column":18},"end":{"line":219,"column":62}},"line":219},"22":{"name":"(anonymous_22)","decl":{"start":{"line":239,"column":2},"end":{"line":239,"column":3}},"loc":{"start":{"line":239,"column":53},"end":{"line":270,"column":3}},"line":239},"23":{"name":"(anonymous_23)","decl":{"start":{"line":248,"column":6},"end":{"line":248,"column":7}},"loc":{"start":{"line":248,"column":18},"end":{"line":248,"column":62}},"line":248},"24":{"name":"(anonymous_24)","decl":{"start":{"line":269,"column":12},"end":{"line":269,"column":13}},"loc":{"start":{"line":269,"column":21},"end":{"line":269,"column":36}},"line":269},"25":{"name":"(anonymous_25)","decl":{"start":{"line":271,"column":2},"end":{"line":271,"column":3}},"loc":{"start":{"line":271,"column":44},"end":{"line":296,"column":3}},"line":271},"26":{"name":"(anonymous_26)","decl":{"start":{"line":281,"column":6},"end":{"line":281,"column":7}},"loc":{"start":{"line":281,"column":18},"end":{"line":281,"column":62}},"line":281},"27":{"name":"(anonymous_27)","decl":{"start":{"line":288,"column":6},"end":{"line":288,"column":7}},"loc":{"start":{"line":288,"column":18},"end":{"line":288,"column":52}},"line":288},"28":{"name":"(anonymous_28)","decl":{"start":{"line":298,"column":2},"end":{"line":298,"column":3}},"loc":{"start":{"line":298,"column":77},"end":{"line":327,"column":3}},"line":298},"29":{"name":"(anonymous_29)","decl":{"start":{"line":307,"column":6},"end":{"line":307,"column":7}},"loc":{"start":{"line":307,"column":18},"end":{"line":307,"column":62}},"line":307},"30":{"name":"(anonymous_30)","decl":{"start":{"line":329,"column":2},"end":{"line":329,"column":3}},"loc":{"start":{"line":329,"column":55},"end":{"line":365,"column":3}},"line":329},"31":{"name":"(anonymous_31)","decl":{"start":{"line":338,"column":6},"end":{"line":338,"column":7}},"loc":{"start":{"line":338,"column":18},"end":{"line":338,"column":62}},"line":338},"32":{"name":"(anonymous_32)","decl":{"start":{"line":364,"column":12},"end":{"line":364,"column":13}},"loc":{"start":{"line":364,"column":21},"end":{"line":364,"column":37}},"line":364},"33":{"name":"(anonymous_33)","decl":{"start":{"line":367,"column":2},"end":{"line":367,"column":3}},"loc":{"start":{"line":367,"column":55},"end":{"line":399,"column":3}},"line":367},"34":{"name":"(anonymous_34)","decl":{"start":{"line":377,"column":27},"end":{"line":377,"column":28}},"loc":{"start":{"line":377,"column":36},"end":{"line":377,"column":68}},"line":377},"35":{"name":"(anonymous_35)","decl":{"start":{"line":383,"column":6},"end":{"line":383,"column":7}},"loc":{"start":{"line":383,"column":18},"end":{"line":383,"column":62}},"line":383},"36":{"name":"(anonymous_36)","decl":{"start":{"line":390,"column":6},"end":{"line":390,"column":7}},"loc":{"start":{"line":390,"column":19},"end":{"line":390,"column":55}},"line":390},"37":{"name":"(anonymous_37)","decl":{"start":{"line":401,"column":2},"end":{"line":401,"column":3}},"loc":{"start":{"line":401,"column":47},"end":{"line":500,"column":3}},"line":401},"38":{"name":"(anonymous_38)","decl":{"start":{"line":471,"column":65},"end":{"line":471,"column":66}},"loc":{"start":{"line":471,"column":78},"end":{"line":474,"column":7}},"line":471}},"branchMap":{"0":{"loc":{"start":{"line":43,"column":4},"end":{"line":45,"column":5}},"type":"if","locations":[{"start":{"line":43,"column":4},"end":{"line":45,"column":5}},{"start":{},"end":{}}],"line":43},"1":{"loc":{"start":{"line":51,"column":4},"end":{"line":53,"column":5}},"type":"if","locations":[{"start":{"line":51,"column":4},"end":{"line":53,"column":5}},{"start":{},"end":{}}],"line":51},"2":{"loc":{"start":{"line":54,"column":4},"end":{"line":60,"column":5}},"type":"if","locations":[{"start":{"line":54,"column":4},"end":{"line":60,"column":5}},{"start":{},"end":{}}],"line":54},"3":{"loc":{"start":{"line":78,"column":4},"end":{"line":80,"column":5}},"type":"if","locations":[{"start":{"line":78,"column":4},"end":{"line":80,"column":5}},{"start":{},"end":{}}],"line":78},"4":{"loc":{"start":{"line":84,"column":4},"end":{"line":86,"column":5}},"type":"if","locations":[{"start":{"line":84,"column":4},"end":{"line":86,"column":5}},{"start":{},"end":{}}],"line":84},"5":{"loc":{"start":{"line":88,"column":4},"end":{"line":90,"column":5}},"type":"if","locations":[{"start":{"line":88,"column":4},"end":{"line":90,"column":5}},{"start":{},"end":{}}],"line":88},"6":{"loc":{"start":{"line":88,"column":8},"end":{"line":88,"column":58}},"type":"binary-expr","locations":[{"start":{"line":88,"column":8},"end":{"line":88,"column":31}},{"start":{"line":88,"column":35},"end":{"line":88,"column":58}}],"line":88},"7":{"loc":{"start":{"line":101,"column":4},"end":{"line":103,"column":5}},"type":"if","locations":[{"start":{"line":101,"column":4},"end":{"line":103,"column":5}},{"start":{},"end":{}}],"line":101},"8":{"loc":{"start":{"line":107,"column":4},"end":{"line":109,"column":5}},"type":"if","locations":[{"start":{"line":107,"column":4},"end":{"line":109,"column":5}},{"start":{},"end":{}}],"line":107},"9":{"loc":{"start":{"line":110,"column":4},"end":{"line":112,"column":5}},"type":"if","locations":[{"start":{"line":110,"column":4},"end":{"line":112,"column":5}},{"start":{},"end":{}}],"line":110},"10":{"loc":{"start":{"line":123,"column":4},"end":{"line":125,"column":5}},"type":"if","locations":[{"start":{"line":123,"column":4},"end":{"line":125,"column":5}},{"start":{},"end":{}}],"line":123},"11":{"loc":{"start":{"line":129,"column":4},"end":{"line":131,"column":5}},"type":"if","locations":[{"start":{"line":129,"column":4},"end":{"line":131,"column":5}},{"start":{},"end":{}}],"line":129},"12":{"loc":{"start":{"line":150,"column":4},"end":{"line":152,"column":5}},"type":"if","locations":[{"start":{"line":150,"column":4},"end":{"line":152,"column":5}},{"start":{},"end":{}}],"line":150},"13":{"loc":{"start":{"line":156,"column":4},"end":{"line":158,"column":5}},"type":"if","locations":[{"start":{"line":156,"column":4},"end":{"line":158,"column":5}},{"start":{},"end":{}}],"line":156},"14":{"loc":{"start":{"line":160,"column":4},"end":{"line":162,"column":5}},"type":"if","locations":[{"start":{"line":160,"column":4},"end":{"line":162,"column":5}},{"start":{},"end":{}}],"line":160},"15":{"loc":{"start":{"line":190,"column":4},"end":{"line":192,"column":5}},"type":"if","locations":[{"start":{"line":190,"column":4},"end":{"line":192,"column":5}},{"start":{},"end":{}}],"line":190},"16":{"loc":{"start":{"line":196,"column":4},"end":{"line":198,"column":5}},"type":"if","locations":[{"start":{"line":196,"column":4},"end":{"line":198,"column":5}},{"start":{},"end":{}}],"line":196},"17":{"loc":{"start":{"line":200,"column":4},"end":{"line":202,"column":5}},"type":"if","locations":[{"start":{"line":200,"column":4},"end":{"line":202,"column":5}},{"start":{},"end":{}}],"line":200},"18":{"loc":{"start":{"line":214,"column":4},"end":{"line":216,"column":5}},"type":"if","locations":[{"start":{"line":214,"column":4},"end":{"line":216,"column":5}},{"start":{},"end":{}}],"line":214},"19":{"loc":{"start":{"line":221,"column":4},"end":{"line":223,"column":5}},"type":"if","locations":[{"start":{"line":221,"column":4},"end":{"line":223,"column":5}},{"start":{},"end":{}}],"line":221},"20":{"loc":{"start":{"line":229,"column":12},"end":{"line":229,"column":22}},"type":"binary-expr","locations":[{"start":{"line":229,"column":12},"end":{"line":229,"column":16}},{"start":{"line":229,"column":20},"end":{"line":229,"column":22}}],"line":229},"21":{"loc":{"start":{"line":230,"column":13},"end":{"line":230,"column":24}},"type":"binary-expr","locations":[{"start":{"line":230,"column":13},"end":{"line":230,"column":18}},{"start":{"line":230,"column":22},"end":{"line":230,"column":24}}],"line":230},"22":{"loc":{"start":{"line":244,"column":4},"end":{"line":246,"column":5}},"type":"if","locations":[{"start":{"line":244,"column":4},"end":{"line":246,"column":5}},{"start":{},"end":{}}],"line":244},"23":{"loc":{"start":{"line":250,"column":4},"end":{"line":252,"column":5}},"type":"if","locations":[{"start":{"line":250,"column":4},"end":{"line":252,"column":5}},{"start":{},"end":{}}],"line":250},"24":{"loc":{"start":{"line":255,"column":4},"end":{"line":255,"column":69}},"type":"if","locations":[{"start":{"line":255,"column":4},"end":{"line":255,"column":69}},{"start":{},"end":{}}],"line":255},"25":{"loc":{"start":{"line":256,"column":4},"end":{"line":256,"column":72}},"type":"if","locations":[{"start":{"line":256,"column":4},"end":{"line":256,"column":72}},{"start":{},"end":{}}],"line":256},"26":{"loc":{"start":{"line":257,"column":4},"end":{"line":257,"column":69}},"type":"if","locations":[{"start":{"line":257,"column":4},"end":{"line":257,"column":69}},{"start":{},"end":{}}],"line":257},"27":{"loc":{"start":{"line":258,"column":4},"end":{"line":258,"column":72}},"type":"if","locations":[{"start":{"line":258,"column":4},"end":{"line":258,"column":72}},{"start":{},"end":{}}],"line":258},"28":{"loc":{"start":{"line":276,"column":4},"end":{"line":278,"column":5}},"type":"if","locations":[{"start":{"line":276,"column":4},"end":{"line":278,"column":5}},{"start":{},"end":{}}],"line":276},"29":{"loc":{"start":{"line":283,"column":4},"end":{"line":285,"column":5}},"type":"if","locations":[{"start":{"line":283,"column":4},"end":{"line":285,"column":5}},{"start":{},"end":{}}],"line":283},"30":{"loc":{"start":{"line":303,"column":4},"end":{"line":305,"column":5}},"type":"if","locations":[{"start":{"line":303,"column":4},"end":{"line":305,"column":5}},{"start":{},"end":{}}],"line":303},"31":{"loc":{"start":{"line":309,"column":4},"end":{"line":311,"column":5}},"type":"if","locations":[{"start":{"line":309,"column":4},"end":{"line":311,"column":5}},{"start":{},"end":{}}],"line":309},"32":{"loc":{"start":{"line":316,"column":12},"end":{"line":316,"column":22}},"type":"binary-expr","locations":[{"start":{"line":316,"column":12},"end":{"line":316,"column":16}},{"start":{"line":316,"column":20},"end":{"line":316,"column":22}}],"line":316},"33":{"loc":{"start":{"line":318,"column":12},"end":{"line":318,"column":30}},"type":"binary-expr","locations":[{"start":{"line":318,"column":12},"end":{"line":318,"column":16}},{"start":{"line":318,"column":20},"end":{"line":318,"column":30}}],"line":318},"34":{"loc":{"start":{"line":319,"column":16},"end":{"line":319,"column":72}},"type":"cond-expr","locations":[{"start":{"line":319,"column":27},"end":{"line":319,"column":65}},{"start":{"line":319,"column":68},"end":{"line":319,"column":72}}],"line":319},"35":{"loc":{"start":{"line":334,"column":4},"end":{"line":336,"column":5}},"type":"if","locations":[{"start":{"line":334,"column":4},"end":{"line":336,"column":5}},{"start":{},"end":{}}],"line":334},"36":{"loc":{"start":{"line":340,"column":4},"end":{"line":342,"column":5}},"type":"if","locations":[{"start":{"line":340,"column":4},"end":{"line":342,"column":5}},{"start":{},"end":{}}],"line":340},"37":{"loc":{"start":{"line":345,"column":4},"end":{"line":345,"column":70}},"type":"if","locations":[{"start":{"line":345,"column":4},"end":{"line":345,"column":70}},{"start":{},"end":{}}],"line":345},"38":{"loc":{"start":{"line":346,"column":4},"end":{"line":346,"column":70}},"type":"if","locations":[{"start":{"line":346,"column":4},"end":{"line":346,"column":70}},{"start":{},"end":{}}],"line":346},"39":{"loc":{"start":{"line":347,"column":4},"end":{"line":347,"column":76}},"type":"if","locations":[{"start":{"line":347,"column":4},"end":{"line":347,"column":76}},{"start":{},"end":{}}],"line":347},"40":{"loc":{"start":{"line":348,"column":4},"end":{"line":348,"column":70}},"type":"if","locations":[{"start":{"line":348,"column":4},"end":{"line":348,"column":70}},{"start":{},"end":{}}],"line":348},"41":{"loc":{"start":{"line":349,"column":4},"end":{"line":352,"column":8}},"type":"if","locations":[{"start":{"line":349,"column":4},"end":{"line":352,"column":8}},{"start":{},"end":{}}],"line":349},"42":{"loc":{"start":{"line":371,"column":4},"end":{"line":373,"column":5}},"type":"if","locations":[{"start":{"line":371,"column":4},"end":{"line":373,"column":5}},{"start":{},"end":{}}],"line":371},"43":{"loc":{"start":{"line":375,"column":4},"end":{"line":380,"column":5}},"type":"if","locations":[{"start":{"line":375,"column":4},"end":{"line":380,"column":5}},{"start":{},"end":{}}],"line":375},"44":{"loc":{"start":{"line":376,"column":6},"end":{"line":377,"column":69}},"type":"binary-expr","locations":[{"start":{"line":376,"column":6},"end":{"line":376,"column":21}},{"start":{"line":377,"column":6},"end":{"line":377,"column":69}}],"line":376},"45":{"loc":{"start":{"line":385,"column":4},"end":{"line":387,"column":5}},"type":"if","locations":[{"start":{"line":385,"column":4},"end":{"line":387,"column":5}},{"start":{},"end":{}}],"line":385},"46":{"loc":{"start":{"line":471,"column":30},"end":{"line":471,"column":59}},"type":"binary-expr","locations":[{"start":{"line":471,"column":30},"end":{"line":471,"column":53}},{"start":{"line":471,"column":57},"end":{"line":471,"column":59}}],"line":471},"47":{"loc":{"start":{"line":477,"column":14},"end":{"line":477,"column":58}},"type":"binary-expr","locations":[{"start":{"line":477,"column":14},"end":{"line":477,"column":34}},{"start":{"line":477,"column":38},"end":{"line":477,"column":58}}],"line":477},"48":{"loc":{"start":{"line":478,"column":21},"end":{"line":478,"column":77}},"type":"binary-expr","locations":[{"start":{"line":478,"column":21},"end":{"line":478,"column":48}},{"start":{"line":478,"column":52},"end":{"line":478,"column":77}}],"line":478},"49":{"loc":{"start":{"line":493,"column":6},"end":{"line":493,"column":75}},"type":"if","locations":[{"start":{"line":493,"column":6},"end":{"line":493,"column":75}},{"start":{},"end":{}}],"line":493}},"s":{"0":0,"1":17,"2":19,"3":60,"4":61,"5":61,"6":61,"7":61,"8":2,"9":59,"10":59,"11":15,"12":15,"13":2,"14":13,"15":15,"16":2,"17":11,"18":11,"19":11,"20":19,"21":19,"22":2,"23":17,"24":20,"25":17,"26":13,"27":4,"28":3,"29":1,"30":1,"31":1,"32":8,"33":8,"34":2,"35":6,"36":8,"37":6,"38":3,"39":3,"40":2,"41":1,"42":1,"43":11,"44":11,"45":2,"46":9,"47":9,"48":9,"49":2,"50":7,"51":7,"52":7,"53":6,"54":6,"55":2,"56":4,"57":4,"58":4,"59":1,"60":3,"61":1,"62":3,"63":2,"64":1,"65":1,"66":1,"67":1,"68":1,"69":9,"70":9,"71":1,"72":8,"73":8,"74":8,"75":1,"76":7,"77":3,"78":7,"79":4,"80":3,"81":3,"82":8,"83":8,"84":1,"85":7,"86":7,"87":7,"88":1,"89":6,"90":6,"91":6,"92":3,"93":3,"94":1,"95":2,"96":2,"97":2,"98":1,"99":1,"100":1,"101":1,"102":1,"103":1,"104":1,"105":1,"106":1,"107":1,"108":1,"109":1,"110":1,"111":5,"112":5,"113":2,"114":3,"115":3,"116":3,"117":2,"118":1,"119":1,"120":1,"121":1,"122":4,"123":4,"124":0,"125":4,"126":4,"127":4,"128":0,"129":4,"130":4,"131":4,"132":3,"133":3,"134":1,"135":2,"136":2,"137":2,"138":1,"139":1,"140":1,"141":1,"142":1,"143":1,"144":1,"145":1,"146":1,"147":1,"148":1,"149":0,"150":1,"151":1,"152":1,"153":2,"154":2,"155":1,"156":1,"157":1,"158":0,"159":1,"160":1,"161":1,"162":0,"163":1,"164":1,"165":1,"166":1,"167":2,"168":2,"169":2,"170":2,"171":2,"172":2,"173":1,"174":1,"175":1,"176":1,"177":1,"178":1,"179":1,"180":0,"181":1,"182":1,"183":1},"f":{"0":0,"1":17,"2":19,"3":60,"4":61,"5":15,"6":15,"7":19,"8":20,"9":8,"10":8,"11":11,"12":9,"13":6,"14":4,"15":1,"16":1,"17":9,"18":8,"19":3,"20":8,"21":7,"22":3,"23":2,"24":1,"25":5,"26":3,"27":1,"28":4,"29":4,"30":3,"31":2,"32":1,"33":2,"34":1,"35":1,"36":1,"37":2,"38":1},"b":{"0":[2,59],"1":[2,13],"2":[2,11],"3":[2,17],"4":[13,4],"5":[3,1],"6":[4,3],"7":[2,6],"8":[3,3],"9":[2,1],"10":[2,9],"11":[2,7],"12":[2,4],"13":[1,3],"14":[2,1],"15":[1,8],"16":[1,7],"17":[4,3],"18":[1,7],"19":[1,6],"20":[6,0],"21":[6,0],"22":[1,2],"23":[1,1],"24":[1,0],"25":[1,0],"26":[1,0],"27":[1,0],"28":[2,3],"29":[2,1],"30":[0,4],"31":[0,4],"32":[4,0],"33":[4,1],"34":[0,4],"35":[1,2],"36":[1,1],"37":[1,0],"38":[1,0],"39":[1,0],"40":[1,0],"41":[0,1],"42":[1,1],"43":[0,1],"44":[1,1],"45":[0,1],"46":[1,0],"47":[1,0],"48":[1,0],"49":[0,1]},"inputSourceMap":null,"_coverageSchema":"1a1c01bbd47fc00a2c39e90264f33305004495a9","hash":"2a6876a76ab99746d24f8f789e8d9fd382359933"}
,"C:\\Users\\Raka Mahendra\\Desktop\\Bootcamp Hacktiv8\\P3\\Final Project\\minabung\\servers\\models\\UserModel.js": {"path":"C:\\Users\\Raka Mahendra\\Desktop\\Bootcamp Hacktiv8\\P3\\Final Project\\minabung\\servers\\models\\UserModel.js","statementMap":{"0":{"start":{"line":9,"column":4},"end":{"line":9,"column":40}},"1":{"start":{"line":13,"column":4},"end":{"line":13,"column":52}},"2":{"start":{"line":26,"column":4},"end":{"line":28,"column":5}},"3":{"start":{"line":27,"column":6},"end":{"line":27,"column":44}},"4":{"start":{"line":29,"column":25},"end":{"line":31,"column":6}},"5":{"start":{"line":33,"column":4},"end":{"line":35,"column":5}},"6":{"start":{"line":34,"column":6},"end":{"line":34,"column":58}},"7":{"start":{"line":37,"column":20},"end":{"line":47,"column":5}},"8":{"start":{"line":49,"column":19},"end":{"line":49,"column":61}},"9":{"start":{"line":50,"column":4},"end":{"line":50,"column":36}},"10":{"start":{"line":52,"column":4},"end":{"line":52,"column":19}},"11":{"start":{"line":56,"column":17},"end":{"line":56,"column":59}},"12":{"start":{"line":57,"column":4},"end":{"line":59,"column":5}},"13":{"start":{"line":58,"column":6},"end":{"line":58,"column":40}},"14":{"start":{"line":61,"column":28},"end":{"line":61,"column":68}},"15":{"start":{"line":62,"column":4},"end":{"line":64,"column":5}},"16":{"start":{"line":63,"column":6},"end":{"line":63,"column":42}},"17":{"start":{"line":66,"column":20},"end":{"line":70,"column":5}},"18":{"start":{"line":72,"column":4},"end":{"line":72,"column":54}},"19":{"start":{"line":75,"column":15},"end":{"line":75,"column":52}},"20":{"start":{"line":76,"column":21},"end":{"line":76,"column":65}},"21":{"start":{"line":78,"column":4},"end":{"line":80,"column":5}},"22":{"start":{"line":79,"column":6},"end":{"line":79,"column":40}},"23":{"start":{"line":81,"column":23},"end":{"line":86,"column":5}},"24":{"start":{"line":88,"column":19},"end":{"line":92,"column":5}},"25":{"start":{"line":94,"column":4},"end":{"line":96,"column":5}},"26":{"start":{"line":95,"column":6},"end":{"line":95,"column":50}},"27":{"start":{"line":98,"column":24},"end":{"line":98,"column":68}},"28":{"start":{"line":100,"column":4},"end":{"line":100,"column":23}},"29":{"start":{"line":103,"column":15},"end":{"line":103,"column":52}},"30":{"start":{"line":104,"column":21},"end":{"line":104,"column":65}},"31":{"start":{"line":106,"column":4},"end":{"line":108,"column":5}},"32":{"start":{"line":107,"column":6},"end":{"line":107,"column":40}},"33":{"start":{"line":110,"column":4},"end":{"line":110,"column":69}},"34":{"start":{"line":112,"column":33},"end":{"line":112,"column":43}},"35":{"start":{"line":113,"column":19},"end":{"line":113,"column":37}},"36":{"start":{"line":115,"column":4},"end":{"line":147,"column":5}},"37":{"start":{"line":116,"column":31},"end":{"line":130,"column":8}},"38":{"start":{"line":117,"column":29},"end":{"line":128,"column":9}},"39":{"start":{"line":120,"column":12},"end":{"line":126,"column":13}},"40":{"start":{"line":121,"column":14},"end":{"line":121,"column":66}},"41":{"start":{"line":122,"column":14},"end":{"line":122,"column":28}},"42":{"start":{"line":124,"column":14},"end":{"line":124,"column":77}},"43":{"start":{"line":125,"column":14},"end":{"line":125,"column":41}},"44":{"start":{"line":129,"column":8},"end":{"line":129,"column":34}},"45":{"start":{"line":132,"column":6},"end":{"line":132,"column":72}},"46":{"start":{"line":134,"column":21},"end":{"line":138,"column":7}},"47":{"start":{"line":140,"column":6},"end":{"line":143,"column":8}},"48":{"start":{"line":145,"column":6},"end":{"line":145,"column":63}},"49":{"start":{"line":146,"column":6},"end":{"line":146,"column":62}},"50":{"start":{"line":151,"column":15},"end":{"line":151,"column":51}},"51":{"start":{"line":153,"column":19},"end":{"line":156,"column":5}},"52":{"start":{"line":158,"column":4},"end":{"line":158,"column":68}}},"fnMap":{"0":{"name":"(anonymous_0)","decl":{"start":{"line":8,"column":2},"end":{"line":8,"column":3}},"loc":{"start":{"line":8,"column":22},"end":{"line":10,"column":3}},"line":8},"1":{"name":"(anonymous_1)","decl":{"start":{"line":12,"column":2},"end":{"line":12,"column":3}},"loc":{"start":{"line":12,"column":25},"end":{"line":14,"column":3}},"line":12},"2":{"name":"(anonymous_2)","decl":{"start":{"line":16,"column":2},"end":{"line":16,"column":3}},"loc":{"start":{"line":25,"column":4},"end":{"line":53,"column":3}},"line":25},"3":{"name":"(anonymous_3)","decl":{"start":{"line":55,"column":2},"end":{"line":55,"column":3}},"loc":{"start":{"line":55,"column":38},"end":{"line":73,"column":3}},"line":55},"4":{"name":"(anonymous_4)","decl":{"start":{"line":74,"column":2},"end":{"line":74,"column":3}},"loc":{"start":{"line":74,"column":44},"end":{"line":101,"column":3}},"line":74},"5":{"name":"(anonymous_5)","decl":{"start":{"line":102,"column":2},"end":{"line":102,"column":3}},"loc":{"start":{"line":102,"column":48},"end":{"line":148,"column":3}},"line":102},"6":{"name":"(anonymous_6)","decl":{"start":{"line":116,"column":49},"end":{"line":116,"column":50}},"loc":{"start":{"line":116,"column":70},"end":{"line":130,"column":7}},"line":116},"7":{"name":"(anonymous_7)","decl":{"start":{"line":119,"column":10},"end":{"line":119,"column":11}},"loc":{"start":{"line":119,"column":29},"end":{"line":127,"column":11}},"line":119},"8":{"name":"(anonymous_8)","decl":{"start":{"line":150,"column":2},"end":{"line":150,"column":3}},"loc":{"start":{"line":150,"column":48},"end":{"line":159,"column":3}},"line":150}},"branchMap":{"0":{"loc":{"start":{"line":22,"column":4},"end":{"line":22,"column":25}},"type":"default-arg","locations":[{"start":{"line":22,"column":21},"end":{"line":22,"column":25}}],"line":22},"1":{"loc":{"start":{"line":23,"column":4},"end":{"line":23,"column":20}},"type":"default-arg","locations":[{"start":{"line":23,"column":16},"end":{"line":23,"column":20}}],"line":23},"2":{"loc":{"start":{"line":24,"column":4},"end":{"line":24,"column":18}},"type":"default-arg","locations":[{"start":{"line":24,"column":14},"end":{"line":24,"column":18}}],"line":24},"3":{"loc":{"start":{"line":26,"column":4},"end":{"line":28,"column":5}},"type":"if","locations":[{"start":{"line":26,"column":4},"end":{"line":28,"column":5}},{"start":{},"end":{}}],"line":26},"4":{"loc":{"start":{"line":33,"column":4},"end":{"line":35,"column":5}},"type":"if","locations":[{"start":{"line":33,"column":4},"end":{"line":35,"column":5}},{"start":{},"end":{}}],"line":33},"5":{"loc":{"start":{"line":57,"column":4},"end":{"line":59,"column":5}},"type":"if","locations":[{"start":{"line":57,"column":4},"end":{"line":59,"column":5}},{"start":{},"end":{}}],"line":57},"6":{"loc":{"start":{"line":62,"column":4},"end":{"line":64,"column":5}},"type":"if","locations":[{"start":{"line":62,"column":4},"end":{"line":64,"column":5}},{"start":{},"end":{}}],"line":62},"7":{"loc":{"start":{"line":78,"column":4},"end":{"line":80,"column":5}},"type":"if","locations":[{"start":{"line":78,"column":4},"end":{"line":80,"column":5}},{"start":{},"end":{}}],"line":78},"8":{"loc":{"start":{"line":82,"column":12},"end":{"line":82,"column":41}},"type":"binary-expr","locations":[{"start":{"line":82,"column":12},"end":{"line":82,"column":24}},{"start":{"line":82,"column":28},"end":{"line":82,"column":41}}],"line":82},"9":{"loc":{"start":{"line":83,"column":16},"end":{"line":83,"column":53}},"type":"binary-expr","locations":[{"start":{"line":83,"column":16},"end":{"line":83,"column":32}},{"start":{"line":83,"column":36},"end":{"line":83,"column":53}}],"line":83},"10":{"loc":{"start":{"line":84,"column":13},"end":{"line":84,"column":44}},"type":"binary-expr","locations":[{"start":{"line":84,"column":13},"end":{"line":84,"column":26}},{"start":{"line":84,"column":30},"end":{"line":84,"column":44}}],"line":84},"11":{"loc":{"start":{"line":85,"column":17},"end":{"line":85,"column":56}},"type":"binary-expr","locations":[{"start":{"line":85,"column":17},"end":{"line":85,"column":34}},{"start":{"line":85,"column":38},"end":{"line":85,"column":56}}],"line":85},"12":{"loc":{"start":{"line":94,"column":4},"end":{"line":96,"column":5}},"type":"if","locations":[{"start":{"line":94,"column":4},"end":{"line":96,"column":5}},{"start":{},"end":{}}],"line":94},"13":{"loc":{"start":{"line":106,"column":4},"end":{"line":108,"column":5}},"type":"if","locations":[{"start":{"line":106,"column":4},"end":{"line":108,"column":5}},{"start":{},"end":{}}],"line":106},"14":{"loc":{"start":{"line":120,"column":12},"end":{"line":126,"column":13}},"type":"if","locations":[{"start":{"line":120,"column":12},"end":{"line":126,"column":13}},{"start":{"line":123,"column":19},"end":{"line":126,"column":13}}],"line":120}},"s":{"0":0,"1":1,"2":3,"3":1,"4":2,"5":2,"6":1,"7":1,"8":1,"9":1,"10":1,"11":3,"12":3,"13":1,"14":2,"15":2,"16":1,"17":1,"18":1,"19":2,"20":2,"21":2,"22":1,"23":1,"24":1,"25":1,"26":0,"27":1,"28":1,"29":2,"30":2,"31":2,"32":1,"33":1,"34":1,"35":1,"36":1,"37":1,"38":1,"39":1,"40":0,"41":0,"42":1,"43":1,"44":1,"45":1,"46":1,"47":1,"48":0,"49":0,"50":60,"51":60,"52":60},"f":{"0":0,"1":1,"2":3,"3":3,"4":2,"5":2,"6":1,"7":1,"8":60},"b":{"0":[2],"1":[2],"2":[3],"3":[1,2],"4":[1,1],"5":[1,2],"6":[1,1],"7":[1,1],"8":[1,0],"9":[1,0],"10":[1,0],"11":[1,0],"12":[0,1],"13":[1,1],"14":[0,1]},"inputSourceMap":null,"_coverageSchema":"1a1c01bbd47fc00a2c39e90264f33305004495a9","hash":"fe8fb0f11ea649612be893aac168d2129b30d2ca"}
}
