TN:
SF:config\Cloudinary.js
FNF:0
FNH:0
DA:4,1
DA:6,1
LF:2
LH:2
BRF:0
BRH:0
end_of_record
TN:
SF:config\Mongodb.js
FNF:0
FNH:0
DA:4,2
DA:5,2
DA:7,2
LF:3
LH:3
BRF:0
BRH:0
end_of_record
TN:
SF:helpers\bcrypt.js
FN:3,hashPassword
FN:9,comparePassword
FNF:2
FNH:2
FNDA:2,hashPassword
FNDA:2,comparePassword
DA:4,2
DA:5,2
DA:6,2
DA:10,2
LF:4
LH:4
BRF:0
BRH:0
end_of_record
TN:
SF:helpers\jwt.js
FN:6,signToken
FN:10,verifyToken
FNF:2
FNH:2
FNDA:2,signToken
FNDA:2,verifyToken
DA:4,2
DA:7,2
DA:11,2
LF:3
LH:3
BRF:0
BRH:0
end_of_record
TN:
SF:helpers\openAI.js
FNF:0
FNH:0
DA:4,1
DA:6,1
LF:2
LH:2
BRF:0
BRH:0
end_of_record
TN:
SF:models\GroupModel.js
FN:7,(anonymous_0)
FN:11,(anonymous_1)
FN:14,(anonymous_2)
FN:19,(anonymous_3)
FN:25,(anonymous_4)
FN:49,(anonymous_5)
FN:56,(anonymous_6)
FN:76,(anonymous_7)
FN:82,(anonymous_8)
FN:99,(anonymous_9)
FN:105,(anonymous_10)
FN:119,(anonymous_11)
FN:127,(anonymous_12)
FN:149,(anonymous_13)
FN:157,(anonymous_14)
FN:162,(anonymous_15)
FN:186,(anonymous_16)
FN:192,(anonymous_17)
FN:200,(anonymous_18)
FN:205,(anonymous_19)
FN:218,(anonymous_20)
FN:228,(anonymous_21)
FN:253,(anonymous_22)
FN:262,(anonymous_23)
FN:288,(anonymous_24)
FN:290,(anonymous_25)
FN:300,(anonymous_26)
FN:307,(anonymous_27)
FN:322,(anonymous_28)
FN:331,(anonymous_29)
FN:358,(anonymous_30)
FN:367,(anonymous_31)
FN:397,(anonymous_32)
FN:400,(anonymous_33)
FN:410,(anonymous_34)
FN:416,(anonymous_35)
FN:423,(anonymous_36)
FN:437,(anonymous_37)
FN:507,(anonymous_38)
FNF:39
FNH:38
FNDA:0,(anonymous_0)
FNDA:16,(anonymous_1)
FNDA:18,(anonymous_2)
FNDA:40,(anonymous_3)
FNDA:46,(anonymous_4)
FNDA:14,(anonymous_5)
FNDA:14,(anonymous_6)
FNDA:9,(anonymous_7)
FNDA:9,(anonymous_8)
FNDA:8,(anonymous_9)
FNDA:8,(anonymous_10)
FNDA:8,(anonymous_11)
FNDA:6,(anonymous_12)
FNDA:6,(anonymous_13)
FNDA:4,(anonymous_14)
FNDA:1,(anonymous_15)
FNDA:1,(anonymous_16)
FNDA:3,(anonymous_17)
FNDA:2,(anonymous_18)
FNDA:1,(anonymous_19)
FNDA:8,(anonymous_20)
FNDA:7,(anonymous_21)
FNDA:3,(anonymous_22)
FNDA:2,(anonymous_23)
FNDA:1,(anonymous_24)
FNDA:5,(anonymous_25)
FNDA:3,(anonymous_26)
FNDA:1,(anonymous_27)
FNDA:4,(anonymous_28)
FNDA:4,(anonymous_29)
FNDA:3,(anonymous_30)
FNDA:2,(anonymous_31)
FNDA:1,(anonymous_32)
FNDA:2,(anonymous_33)
FNDA:1,(anonymous_34)
FNDA:1,(anonymous_35)
FNDA:1,(anonymous_36)
FNDA:2,(anonymous_37)
FNDA:1,(anonymous_38)
DA:8,0
DA:12,16
DA:15,18
DA:20,40
DA:26,46
DA:27,46
DA:42,46
DA:43,46
DA:44,2
DA:46,44
DA:47,44
DA:50,14
DA:51,14
DA:52,2
DA:54,12
DA:56,14
DA:59,2
DA:61,10
DA:73,10
DA:74,10
DA:77,9
DA:78,9
DA:79,2
DA:81,7
DA:82,9
DA:84,7
DA:85,4
DA:88,3
DA:89,2
DA:91,1
DA:95,1
DA:96,1
DA:100,8
DA:101,8
DA:102,2
DA:104,6
DA:105,8
DA:107,6
DA:108,3
DA:110,3
DA:111,2
DA:113,1
DA:116,1
DA:120,8
DA:123,8
DA:124,2
DA:126,6
DA:127,6
DA:129,6
DA:130,2
DA:132,4
DA:139,4
DA:143,4
DA:144,0
DA:146,4
DA:150,6
DA:153,6
DA:154,2
DA:156,4
DA:157,4
DA:159,4
DA:160,1
DA:162,3
DA:163,3
DA:164,2
DA:166,1
DA:179,1
DA:180,0
DA:182,1
DA:185,1
DA:186,1
DA:189,1
DA:193,3
DA:196,3
DA:197,1
DA:199,2
DA:200,2
DA:202,2
DA:203,0
DA:205,2
DA:206,2
DA:207,1
DA:209,1
DA:213,1
DA:214,0
DA:216,1
DA:219,8
DA:223,8
DA:224,1
DA:227,7
DA:228,7
DA:230,7
DA:231,1
DA:234,6
DA:242,6
DA:247,6
DA:248,0
DA:251,6
DA:254,3
DA:258,3
DA:259,1
DA:261,2
DA:262,2
DA:264,2
DA:265,1
DA:268,1
DA:269,1
DA:270,1
DA:271,1
DA:272,1
DA:274,1
DA:279,1
DA:280,0
DA:283,1
DA:288,1
DA:291,5
DA:295,5
DA:296,2
DA:299,3
DA:300,3
DA:302,3
DA:303,2
DA:306,1
DA:307,1
DA:310,1
DA:315,1
DA:316,0
DA:319,1
DA:323,4
DA:327,4
DA:328,0
DA:330,4
DA:331,4
DA:333,4
DA:334,0
DA:337,4
DA:346,4
DA:351,4
DA:352,0
DA:355,4
DA:359,3
DA:363,3
DA:364,1
DA:366,2
DA:367,2
DA:369,2
DA:370,1
DA:373,1
DA:374,1
DA:375,1
DA:376,1
DA:377,1
DA:378,1
DA:379,0
DA:383,1
DA:388,1
DA:389,0
DA:392,1
DA:397,1
DA:401,2
DA:404,2
DA:405,1
DA:408,1
DA:410,1
DA:412,0
DA:415,1
DA:416,1
DA:418,1
DA:419,0
DA:422,1
DA:423,1
DA:426,1
DA:430,1
DA:431,0
DA:434,1
DA:438,2
DA:491,2
DA:492,2
DA:498,2
DA:501,2
DA:502,2
DA:504,1
DA:505,1
DA:507,1
DA:512,1
DA:528,1
DA:529,1
DA:531,1
DA:533,1
DA:534,1
LF:190
LH:174
BRDA:43,0,0,2
BRDA:43,0,1,44
BRDA:51,1,0,2
BRDA:51,1,1,12
BRDA:54,2,0,2
BRDA:54,2,1,10
BRDA:78,3,0,2
BRDA:78,3,1,7
BRDA:84,4,0,4
BRDA:84,4,1,3
BRDA:88,5,0,2
BRDA:88,5,1,1
BRDA:88,6,0,3
BRDA:88,6,1,2
BRDA:101,7,0,2
BRDA:101,7,1,6
BRDA:107,8,0,3
BRDA:107,8,1,3
BRDA:110,9,0,2
BRDA:110,9,1,1
BRDA:123,10,0,2
BRDA:123,10,1,6
BRDA:129,11,0,2
BRDA:129,11,1,4
BRDA:143,12,0,0
BRDA:143,12,1,4
BRDA:153,13,0,2
BRDA:153,13,1,4
BRDA:159,14,0,1
BRDA:159,14,1,3
BRDA:163,15,0,2
BRDA:163,15,1,1
BRDA:179,16,0,0
BRDA:179,16,1,1
BRDA:196,17,0,1
BRDA:196,17,1,2
BRDA:202,18,0,0
BRDA:202,18,1,2
BRDA:206,19,0,1
BRDA:206,19,1,1
BRDA:213,20,0,0
BRDA:213,20,1,1
BRDA:223,21,0,1
BRDA:223,21,1,7
BRDA:230,22,0,1
BRDA:230,22,1,6
BRDA:238,23,0,6
BRDA:238,23,1,0
BRDA:239,24,0,6
BRDA:239,24,1,0
BRDA:247,25,0,0
BRDA:247,25,1,6
BRDA:258,26,0,1
BRDA:258,26,1,2
BRDA:264,27,0,1
BRDA:264,27,1,1
BRDA:269,28,0,1
BRDA:269,28,1,0
BRDA:270,29,0,1
BRDA:270,29,1,0
BRDA:271,30,0,1
BRDA:271,30,1,0
BRDA:272,31,0,1
BRDA:272,31,1,0
BRDA:279,32,0,0
BRDA:279,32,1,1
BRDA:295,33,0,2
BRDA:295,33,1,3
BRDA:302,34,0,2
BRDA:302,34,1,1
BRDA:315,35,0,0
BRDA:315,35,1,1
BRDA:327,36,0,0
BRDA:327,36,1,4
BRDA:333,37,0,0
BRDA:333,37,1,4
BRDA:340,38,0,4
BRDA:340,38,1,0
BRDA:342,39,0,4
BRDA:342,39,1,1
BRDA:343,40,0,0
BRDA:343,40,1,4
BRDA:351,41,0,0
BRDA:351,41,1,4
BRDA:363,42,0,1
BRDA:363,42,1,2
BRDA:369,43,0,1
BRDA:369,43,1,1
BRDA:374,44,0,1
BRDA:374,44,1,0
BRDA:375,45,0,1
BRDA:375,45,1,0
BRDA:376,46,0,1
BRDA:376,46,1,0
BRDA:377,47,0,1
BRDA:377,47,1,0
BRDA:378,48,0,0
BRDA:378,48,1,1
BRDA:388,49,0,0
BRDA:388,49,1,1
BRDA:404,50,0,1
BRDA:404,50,1,1
BRDA:408,51,0,0
BRDA:408,51,1,1
BRDA:409,52,0,1
BRDA:409,52,1,1
BRDA:418,53,0,0
BRDA:418,53,1,1
BRDA:430,54,0,0
BRDA:430,54,1,1
BRDA:507,55,0,1
BRDA:507,55,1,0
BRDA:513,56,0,1
BRDA:513,56,1,0
BRDA:514,57,0,1
BRDA:514,57,1,0
BRDA:529,58,0,0
BRDA:529,58,1,1
BRF:118
BRH:87
end_of_record
TN:
SF:models\UserModel.js
FN:8,(anonymous_0)
FN:12,(anonymous_1)
FN:16,(anonymous_2)
FN:55,(anonymous_3)
FN:74,(anonymous_4)
FN:102,(anonymous_5)
FN:116,(anonymous_6)
FN:119,(anonymous_7)
FN:150,(anonymous_8)
FNF:9
FNH:8
FNDA:0,(anonymous_0)
FNDA:1,(anonymous_1)
FNDA:3,(anonymous_2)
FNDA:3,(anonymous_3)
FNDA:2,(anonymous_4)
FNDA:2,(anonymous_5)
FNDA:1,(anonymous_6)
FNDA:1,(anonymous_7)
FNDA:45,(anonymous_8)
DA:9,0
DA:13,1
DA:26,3
DA:27,1
DA:29,2
DA:33,2
DA:34,1
DA:37,1
DA:49,1
DA:50,1
DA:52,1
DA:56,3
DA:57,3
DA:58,1
DA:61,2
DA:62,2
DA:63,1
DA:66,1
DA:72,1
DA:75,2
DA:76,2
DA:78,2
DA:79,1
DA:81,1
DA:88,1
DA:94,1
DA:95,0
DA:98,1
DA:100,1
DA:103,2
DA:104,2
DA:106,2
DA:107,1
DA:110,1
DA:112,1
DA:113,1
DA:115,1
DA:116,1
DA:117,1
DA:120,1
DA:121,0
DA:122,0
DA:124,1
DA:125,1
DA:129,1
DA:132,1
DA:134,1
DA:140,1
DA:145,0
DA:146,0
DA:151,45
DA:153,45
DA:158,45
DA:159,0
DA:162,45
LF:55
LH:48
BRDA:22,0,0,2
BRDA:23,1,0,2
BRDA:24,2,0,3
BRDA:26,3,0,1
BRDA:26,3,1,2
BRDA:33,4,0,1
BRDA:33,4,1,1
BRDA:57,5,0,1
BRDA:57,5,1,2
BRDA:62,6,0,1
BRDA:62,6,1,1
BRDA:78,7,0,1
BRDA:78,7,1,1
BRDA:82,8,0,1
BRDA:82,8,1,0
BRDA:83,9,0,1
BRDA:83,9,1,0
BRDA:84,10,0,1
BRDA:84,10,1,0
BRDA:85,11,0,1
BRDA:85,11,1,0
BRDA:94,12,0,0
BRDA:94,12,1,1
BRDA:106,13,0,1
BRDA:106,13,1,1
BRDA:120,14,0,0
BRDA:120,14,1,1
BRDA:158,15,0,0
BRDA:158,15,1,45
BRF:29
BRH:22
end_of_record
