TN:
SF:config\Cloudinary.js
FNF:0
FNH:0
DA:4,1
DA:6,1
LF:2
LH:2
BRF:0
BRH:0
end_of_record
TN:
SF:config\Mongodb.js
FNF:0
FNH:0
DA:4,2
DA:5,2
DA:7,2
LF:3
LH:3
BRF:0
BRH:0
end_of_record
TN:
SF:helpers\bcrypt.js
FN:3,hashPassword
FN:9,comparePassword
FNF:2
FNH:2
FNDA:2,hashPassword
FNDA:2,comparePassword
DA:4,2
DA:5,2
DA:6,2
DA:10,2
LF:4
LH:4
BRF:0
BRH:0
end_of_record
TN:
SF:helpers\jwt.js
FN:6,signToken
FN:10,verifyToken
FNF:2
FNH:2
FNDA:2,signToken
FNDA:2,verifyToken
DA:4,2
DA:7,2
DA:11,2
LF:3
LH:3
BRF:0
BRH:0
end_of_record
TN:
SF:helpers\openAI.js
FNF:0
FNH:0
DA:4,1
DA:6,1
LF:2
LH:2
BRF:0
BRH:0
end_of_record
TN:
SF:models\GroupModel.js
FN:7,(anonymous_0)
FN:11,(anonymous_1)
FN:14,(anonymous_2)
FN:19,(anonymous_3)
FN:25,(anonymous_4)
FN:49,(anonymous_5)
FN:56,(anonymous_6)
FN:76,(anonymous_7)
FN:82,(anonymous_8)
FN:99,(anonymous_9)
FN:105,(anonymous_10)
FN:119,(anonymous_11)
FN:127,(anonymous_12)
FN:146,(anonymous_13)
FN:154,(anonymous_14)
FN:159,(anonymous_15)
FN:180,(anonymous_16)
FN:186,(anonymous_17)
FN:194,(anonymous_18)
FN:199,(anonymous_19)
FN:209,(anonymous_20)
FN:219,(anonymous_21)
FN:239,(anonymous_22)
FN:248,(anonymous_23)
FN:269,(anonymous_24)
FN:271,(anonymous_25)
FN:281,(anonymous_26)
FN:288,(anonymous_27)
FN:298,(anonymous_28)
FN:307,(anonymous_29)
FN:329,(anonymous_30)
FN:338,(anonymous_31)
FN:364,(anonymous_32)
FN:367,(anonymous_33)
FN:377,(anonymous_34)
FN:383,(anonymous_35)
FN:390,(anonymous_36)
FN:401,(anonymous_37)
FN:471,(anonymous_38)
FNF:39
FNH:38
FNDA:0,(anonymous_0)
FNDA:17,(anonymous_1)
FNDA:19,(anonymous_2)
FNDA:60,(anonymous_3)
FNDA:61,(anonymous_4)
FNDA:15,(anonymous_5)
FNDA:15,(anonymous_6)
FNDA:19,(anonymous_7)
FNDA:20,(anonymous_8)
FNDA:8,(anonymous_9)
FNDA:8,(anonymous_10)
FNDA:11,(anonymous_11)
FNDA:9,(anonymous_12)
FNDA:6,(anonymous_13)
FNDA:4,(anonymous_14)
FNDA:1,(anonymous_15)
FNDA:1,(anonymous_16)
FNDA:9,(anonymous_17)
FNDA:8,(anonymous_18)
FNDA:3,(anonymous_19)
FNDA:8,(anonymous_20)
FNDA:7,(anonymous_21)
FNDA:3,(anonymous_22)
FNDA:2,(anonymous_23)
FNDA:1,(anonymous_24)
FNDA:5,(anonymous_25)
FNDA:3,(anonymous_26)
FNDA:1,(anonymous_27)
FNDA:4,(anonymous_28)
FNDA:4,(anonymous_29)
FNDA:3,(anonymous_30)
FNDA:2,(anonymous_31)
FNDA:1,(anonymous_32)
FNDA:2,(anonymous_33)
FNDA:1,(anonymous_34)
FNDA:1,(anonymous_35)
FNDA:1,(anonymous_36)
FNDA:2,(anonymous_37)
FNDA:1,(anonymous_38)
DA:8,0
DA:12,17
DA:15,19
DA:20,60
DA:26,61
DA:27,61
DA:42,61
DA:43,61
DA:44,2
DA:46,59
DA:47,59
DA:50,15
DA:51,15
DA:52,2
DA:54,13
DA:56,15
DA:59,2
DA:61,11
DA:73,11
DA:74,11
DA:77,19
DA:78,19
DA:79,2
DA:81,17
DA:82,20
DA:84,17
DA:85,13
DA:88,4
DA:89,3
DA:91,1
DA:95,1
DA:96,1
DA:100,8
DA:101,8
DA:102,2
DA:104,6
DA:105,8
DA:107,6
DA:108,3
DA:110,3
DA:111,2
DA:113,1
DA:116,1
DA:120,11
DA:123,11
DA:124,2
DA:126,9
DA:127,9
DA:129,9
DA:130,2
DA:132,7
DA:139,7
DA:143,7
DA:147,6
DA:150,6
DA:151,2
DA:153,4
DA:154,4
DA:156,4
DA:157,1
DA:159,3
DA:160,3
DA:161,2
DA:163,1
DA:176,1
DA:179,1
DA:180,1
DA:183,1
DA:187,9
DA:190,9
DA:191,1
DA:193,8
DA:194,8
DA:196,8
DA:197,1
DA:199,7
DA:200,7
DA:201,4
DA:203,3
DA:207,3
DA:210,8
DA:214,8
DA:215,1
DA:218,7
DA:219,7
DA:221,7
DA:222,1
DA:225,6
DA:233,6
DA:237,6
DA:240,3
DA:244,3
DA:245,1
DA:247,2
DA:248,2
DA:250,2
DA:251,1
DA:254,1
DA:255,1
DA:256,1
DA:257,1
DA:258,1
DA:260,1
DA:264,1
DA:269,1
DA:272,5
DA:276,5
DA:277,2
DA:280,3
DA:281,3
DA:283,3
DA:284,2
DA:287,1
DA:288,1
DA:291,1
DA:295,1
DA:299,4
DA:303,4
DA:304,0
DA:306,4
DA:307,4
DA:309,4
DA:310,0
DA:313,4
DA:322,4
DA:326,4
DA:330,3
DA:334,3
DA:335,1
DA:337,2
DA:338,2
DA:340,2
DA:341,1
DA:344,1
DA:345,1
DA:346,1
DA:347,1
DA:348,1
DA:349,1
DA:350,0
DA:354,1
DA:359,1
DA:364,1
DA:368,2
DA:371,2
DA:372,1
DA:375,1
DA:377,1
DA:379,0
DA:382,1
DA:383,1
DA:385,1
DA:386,0
DA:389,1
DA:390,1
DA:393,1
DA:398,1
DA:402,2
DA:455,2
DA:456,2
DA:462,2
DA:465,2
DA:466,2
DA:468,1
DA:469,1
DA:471,1
DA:476,1
DA:492,1
DA:493,1
DA:495,1
DA:497,1
DA:498,1
LF:172
LH:166
BRDA:43,0,0,2
BRDA:43,0,1,59
BRDA:51,1,0,2
BRDA:51,1,1,13
BRDA:54,2,0,2
BRDA:54,2,1,11
BRDA:78,3,0,2
BRDA:78,3,1,17
BRDA:84,4,0,13
BRDA:84,4,1,4
BRDA:88,5,0,3
BRDA:88,5,1,1
BRDA:88,6,0,4
BRDA:88,6,1,3
BRDA:101,7,0,2
BRDA:101,7,1,6
BRDA:107,8,0,3
BRDA:107,8,1,3
BRDA:110,9,0,2
BRDA:110,9,1,1
BRDA:123,10,0,2
BRDA:123,10,1,9
BRDA:129,11,0,2
BRDA:129,11,1,7
BRDA:150,12,0,2
BRDA:150,12,1,4
BRDA:156,13,0,1
BRDA:156,13,1,3
BRDA:160,14,0,2
BRDA:160,14,1,1
BRDA:190,15,0,1
BRDA:190,15,1,8
BRDA:196,16,0,1
BRDA:196,16,1,7
BRDA:200,17,0,4
BRDA:200,17,1,3
BRDA:214,18,0,1
BRDA:214,18,1,7
BRDA:221,19,0,1
BRDA:221,19,1,6
BRDA:229,20,0,6
BRDA:229,20,1,0
BRDA:230,21,0,6
BRDA:230,21,1,0
BRDA:244,22,0,1
BRDA:244,22,1,2
BRDA:250,23,0,1
BRDA:250,23,1,1
BRDA:255,24,0,1
BRDA:255,24,1,0
BRDA:256,25,0,1
BRDA:256,25,1,0
BRDA:257,26,0,1
BRDA:257,26,1,0
BRDA:258,27,0,1
BRDA:258,27,1,0
BRDA:276,28,0,2
BRDA:276,28,1,3
BRDA:283,29,0,2
BRDA:283,29,1,1
BRDA:303,30,0,0
BRDA:303,30,1,4
BRDA:309,31,0,0
BRDA:309,31,1,4
BRDA:316,32,0,4
BRDA:316,32,1,0
BRDA:318,33,0,4
BRDA:318,33,1,1
BRDA:319,34,0,0
BRDA:319,34,1,4
BRDA:334,35,0,1
BRDA:334,35,1,2
BRDA:340,36,0,1
BRDA:340,36,1,1
BRDA:345,37,0,1
BRDA:345,37,1,0
BRDA:346,38,0,1
BRDA:346,38,1,0
BRDA:347,39,0,1
BRDA:347,39,1,0
BRDA:348,40,0,1
BRDA:348,40,1,0
BRDA:349,41,0,0
BRDA:349,41,1,1
BRDA:371,42,0,1
BRDA:371,42,1,1
BRDA:375,43,0,0
BRDA:375,43,1,1
BRDA:376,44,0,1
BRDA:376,44,1,1
BRDA:385,45,0,0
BRDA:385,45,1,1
BRDA:471,46,0,1
BRDA:471,46,1,0
BRDA:477,47,0,1
BRDA:477,47,1,0
BRDA:478,48,0,1
BRDA:478,48,1,0
BRDA:493,49,0,0
BRDA:493,49,1,1
BRF:100
BRH:79
end_of_record
TN:
SF:models\UserModel.js
FN:8,(anonymous_0)
FN:12,(anonymous_1)
FN:16,(anonymous_2)
FN:55,(anonymous_3)
FN:74,(anonymous_4)
FN:102,(anonymous_5)
FN:116,(anonymous_6)
FN:119,(anonymous_7)
FN:150,(anonymous_8)
FNF:9
FNH:8
FNDA:0,(anonymous_0)
FNDA:1,(anonymous_1)
FNDA:3,(anonymous_2)
FNDA:3,(anonymous_3)
FNDA:2,(anonymous_4)
FNDA:2,(anonymous_5)
FNDA:1,(anonymous_6)
FNDA:1,(anonymous_7)
FNDA:60,(anonymous_8)
DA:9,0
DA:13,1
DA:26,3
DA:27,1
DA:29,2
DA:33,2
DA:34,1
DA:37,1
DA:49,1
DA:50,1
DA:52,1
DA:56,3
DA:57,3
DA:58,1
DA:61,2
DA:62,2
DA:63,1
DA:66,1
DA:72,1
DA:75,2
DA:76,2
DA:78,2
DA:79,1
DA:81,1
DA:88,1
DA:94,1
DA:95,0
DA:98,1
DA:100,1
DA:103,2
DA:104,2
DA:106,2
DA:107,1
DA:110,1
DA:112,1
DA:113,1
DA:115,1
DA:116,1
DA:117,1
DA:120,1
DA:121,0
DA:122,0
DA:124,1
DA:125,1
DA:129,1
DA:132,1
DA:134,1
DA:140,1
DA:145,0
DA:146,0
DA:151,60
DA:153,60
DA:158,60
LF:53
LH:47
BRDA:22,0,0,2
BRDA:23,1,0,2
BRDA:24,2,0,3
BRDA:26,3,0,1
BRDA:26,3,1,2
BRDA:33,4,0,1
BRDA:33,4,1,1
BRDA:57,5,0,1
BRDA:57,5,1,2
BRDA:62,6,0,1
BRDA:62,6,1,1
BRDA:78,7,0,1
BRDA:78,7,1,1
BRDA:82,8,0,1
BRDA:82,8,1,0
BRDA:83,9,0,1
BRDA:83,9,1,0
BRDA:84,10,0,1
BRDA:84,10,1,0
BRDA:85,11,0,1
BRDA:85,11,1,0
BRDA:94,12,0,0
BRDA:94,12,1,1
BRDA:106,13,0,1
BRDA:106,13,1,1
BRDA:120,14,0,0
BRDA:120,14,1,1
BRF:27
BRH:21
end_of_record
